24.2243 	WARNING 	User requested fullscreen with size [1024  768], but screen is actually [1920, 1200]. Using actual size
25.1495 	EXP 	Created window1 = Window(allowGUI=True, allowStencil=False, autoLog=True, backendConf=UNKNOWN, backgroundFit=<method-wrapper '__getattribute__' of attributeSetter object at 0x0000018D21B32CA0>, backgroundImage=<method-wrapper '__getattribute__' of attributeSetter object at 0x0000018D21B32C40>, bitsMode=UNKNOWN, blendMode='avg', bpc=(8, 8, 8), color=array([0, 0, 0]), colorSpace='rgb', depthBits=8, fullscr=<method-wrapper '__getattribute__' of attributeSetter object at 0x0000018D21B32970>, gamma=None, gammaErrorPolicy='raise', lms=UNKNOWN, monitor=<psychopy.monitors.calibTools.Monitor object at 0x0000018D22B24A60>, multiSample=False, name='window1', numSamples=2, pos=(0, 0), screen=0, size=array([1920, 1200]), stencilBits=0, stereo=False, units='height', useFBO=True, useRetina=False, viewOri=0.0, viewPos=None, viewScale=None, waitBlanking=True, winType='pyglet')
25.1497 	EXP 	window1: mouseVisible = True
25.1497 	EXP 	window1: backgroundImage = ''
25.1497 	EXP 	window1: backgroundFit = 'none'
25.1499 	EXP 	window1: mouseVisible = False
25.1499 	EXP 	window1: Attempting to measure frame rate of screen (0) ...
25.1499 	EXP 	window1: recordFrameIntervals = False
25.3156 	EXP 	window1: recordFrameIntervals = True
25.4997 	EXP 	Screen (0) actual frame rate measured at 59.74Hz
25.4998 	EXP 	window1: recordFrameIntervals = False
28.0196 	EXP 	Created textWelcome = TextStim(__class__=<class 'psychopy.visual.text.TextStim'>, alignHoriz=method-wrapper(...), alignText='center', alignVert=method-wrapper(...), anchorHoriz='center', anchorVert='center', antialias=True, autoDraw=False, autoLog=True, bold=False, color=array([1., 1., 1.]), colorSpace='rgb', contrast=1.0, depth=0.0, flipHoriz=False, flipVert=False, font='Open Sans', fontFiles=[], height=0.05, italic=False, languageStyle='LTR', name='textWelcome', opacity=1.0, ori=0.0, pos=array([0., 0.]), rgb=UNKNOWN, text='Welcome to the experiment\n', units='height', win=Window(...), wrapWidth=1)
28.0215 	EXP 	Created textStudy = TextStim(__class__=<class 'psychopy.visual.text.TextStim'>, alignHoriz=method-wrapper(...), alignText='center', alignVert=method-wrapper(...), anchorHoriz='center', anchorVert='center', antialias=True, autoDraw=False, autoLog=True, bold=False, color=array([1., 1., 1.]), colorSpace='rgb', contrast=1.0, depth=0.0, flipHoriz=False, flipVert=False, font='Open Sans', fontFiles=[], height=0.05, italic=False, languageStyle='LTR', name='textStudy', opacity=1.0, ori=0.0, pos=array([0., 0.]), rgb=UNKNOWN, text='', units='height', win=Window(...), wrapWidth=1)
28.0295 	EXP 	Created textInstructions = TextStim(__class__=<class 'psychopy.visual.text.TextStim'>, alignHoriz=method-wrapper(...), alignText='center', alignVert=method-wrapper(...), anchorHoriz='center', anchorVert='center', antialias=True, autoDraw=False, autoLog=True, bold=False, color=array([1., 1., 1.]), colorSpace='rgb', contrast=1.0, depth=0.0, flipHoriz=False, flipVert=False, font='Open Sans', fontFiles=[], height=0.05, italic=False, languageStyle='LTR', name='textInstructions', opacity=1.0, ori=0.0, pos=array([0., 0.]), rgb=UNKNOWN, text='Get ready for the test', units='height', win=Window(...), wrapWidth=1)
28.0309 	EXP 	Created textTest = TextStim(__class__=<class 'psychopy.visual.text.TextStim'>, alignHoriz=method-wrapper(...), alignText='center', alignVert=method-wrapper(...), anchorHoriz='center', anchorVert='center', antialias=True, autoDraw=False, autoLog=True, bold=False, color=array([1., 1., 1.]), colorSpace='rgb', contrast=1.0, depth=-1.0, flipHoriz=False, flipVert=False, font='Open Sans', fontFiles=[], height=0.05, italic=False, languageStyle='LTR', name='textTest', opacity=1.0, ori=0.0, pos=array([0., 0.]), rgb=UNKNOWN, text='', units='height', win=Window(...), wrapWidth=1)
28.0323 	EXP 	Created text = TextStim(__class__=<class 'psychopy.visual.text.TextStim'>, alignHoriz=method-wrapper(...), alignText='center', alignVert=method-wrapper(...), anchorHoriz='center', anchorVert='center', antialias=True, autoDraw=False, autoLog=True, bold=False, color=array([1., 1., 1.]), colorSpace='rgb', contrast=1.0, depth=-1.0, flipHoriz=False, flipVert=False, font='Open Sans', fontFiles=[], height=0.05, italic=False, languageStyle='LTR', name='text', opacity=1.0, ori=0.0, pos=array([0., 0.]), rgb=UNKNOWN, text='', units='height', win=Window(...), wrapWidth=1)
28.0403 	EXP 	Created textEnd = TextStim(__class__=<class 'psychopy.visual.text.TextStim'>, alignHoriz=method-wrapper(...), alignText='center', alignVert=method-wrapper(...), anchorHoriz='center', anchorVert='center', antialias=True, autoDraw=False, autoLog=True, bold=False, color=array([1., 1., 1.]), colorSpace='rgb', contrast=1.0, depth=0.0, flipHoriz=False, flipVert=False, font='Open Sans', fontFiles=[], height=0.05, italic=False, languageStyle='LTR', name='textEnd', opacity=1.0, ori=0.0, pos=array([0., 0.]), rgb=UNKNOWN, text='Thanks for Participating\n', units='height', win=Window(...), wrapWidth=1)
28.0644 	EXP 	textWelcome: autoDraw = True
28.5550 	EXP 	Imported study_word.xlsx as conditions, 6 conditions, 1 params
28.5672 	EXP 	Created sequence: random, trialTypes=6, nReps=1, seed=None
28.5675 	EXP 	New trial (rep=0, index=0): {'stim_word': 'hill'}
28.5711 	DATA 	Keypress: space
28.5809 	EXP 	textWelcome: autoDraw = False
28.5809 	EXP 	textStudy: height = 0.05
28.5809 	EXP 	textStudy: height = 0.05
28.5809 	EXP 	textStudy: height = 0.05
28.5809 	EXP 	textStudy: text = 'hill'
28.5809 	EXP 	textStudy: autoDraw = True
29.5649 	EXP 	New trial (rep=0, index=1): {'stim_word': 'machine'}
29.5809 	EXP 	textStudy: autoDraw = False
29.5809 	EXP 	textStudy: height = 0.05
29.5809 	EXP 	textStudy: height = 0.05
29.5809 	EXP 	textStudy: height = 0.05
29.5809 	EXP 	textStudy: text = 'machine'
29.5809 	EXP 	textStudy: autoDraw = True
30.5655 	EXP 	New trial (rep=0, index=2): {'stim_word': 'green'}
30.5814 	EXP 	textStudy: autoDraw = False
30.5814 	EXP 	textStudy: height = 0.05
30.5814 	EXP 	textStudy: height = 0.05
30.5814 	EXP 	textStudy: height = 0.05
30.5814 	EXP 	textStudy: text = 'green'
30.5814 	EXP 	textStudy: autoDraw = True
31.5647 	EXP 	New trial (rep=0, index=3): {'stim_word': 'computer'}
31.5809 	EXP 	textStudy: autoDraw = False
31.5809 	EXP 	textStudy: height = 0.05
31.5809 	EXP 	textStudy: height = 0.05
31.5809 	EXP 	textStudy: height = 0.05
31.5809 	EXP 	textStudy: text = 'computer'
31.5809 	EXP 	textStudy: autoDraw = True
32.5646 	EXP 	New trial (rep=0, index=4): {'stim_word': 'circle'}
32.5810 	EXP 	textStudy: autoDraw = False
32.5810 	EXP 	textStudy: height = 0.05
32.5810 	EXP 	textStudy: height = 0.05
32.5810 	EXP 	textStudy: height = 0.05
32.5810 	EXP 	textStudy: text = 'circle'
32.5810 	EXP 	textStudy: autoDraw = True
33.5645 	EXP 	New trial (rep=0, index=5): {'stim_word': 'mountain'}
33.5808 	EXP 	textStudy: autoDraw = False
33.5808 	EXP 	textStudy: height = 0.05
33.5808 	EXP 	textStudy: height = 0.05
33.5808 	EXP 	textStudy: height = 0.05
33.5808 	EXP 	textStudy: text = 'mountain'
33.5808 	EXP 	textStudy: autoDraw = True
34.5807 	EXP 	textStudy: autoDraw = False
34.5807 	EXP 	textInstructions: autoDraw = True
36.3674 	DATA 	Keypress: space
36.3877 	EXP 	Imported test_word.xlsx as conditions, 9 conditions, 2 params
36.3883 	EXP 	Created sequence: random, trialTypes=9, nReps=1, seed=None
36.3885 	EXP 	New trial (rep=0, index=0): {'stim_word': 'mountain', 'old_new': 'old'}
36.3972 	EXP 	textInstructions: autoDraw = False
36.3972 	EXP 	textTest: height = 0.05
36.3972 	EXP 	textTest: height = 0.05
36.3972 	EXP 	textTest: height = 0.05
36.3972 	EXP 	textTest: text = 'mountain'
36.3972 	EXP 	textTest: autoDraw = True
40.5825 	DATA 	Keypress: n
40.6307 	EXP 	textTest: autoDraw = False
40.6307 	EXP 	text: height = 0.05
40.6307 	EXP 	text: height = 0.05
40.6307 	EXP 	text: height = 0.05
40.6307 	EXP 	text: text = 'Sorry!!! The word was old'
40.6307 	EXP 	text: autoDraw = True
42.6145 	EXP 	New trial (rep=0, index=1): {'stim_word': 'machine', 'old_new': 'old'}
42.6309 	EXP 	text: autoDraw = False
42.6309 	EXP 	textTest: height = 0.05
42.6309 	EXP 	textTest: height = 0.05
42.6309 	EXP 	textTest: height = 0.05
42.6309 	EXP 	textTest: text = 'machine'
42.6309 	EXP 	textTest: autoDraw = True
46.6237 	DATA 	Keypress: y
46.6307 	EXP 	textTest: autoDraw = False
46.6307 	EXP 	text: height = 0.05
46.6307 	EXP 	text: height = 0.05
46.6307 	EXP 	text: height = 0.05
46.6307 	EXP 	text: text = 'Congratulations! it was old and you knew'
46.6307 	EXP 	text: autoDraw = True
48.6149 	EXP 	New trial (rep=0, index=2): {'stim_word': 'green', 'old_new': 'old'}
48.6308 	EXP 	text: autoDraw = False
48.6308 	EXP 	text: autoDraw = False
48.6308 	EXP 	textTest: height = 0.05
48.6308 	EXP 	textTest: height = 0.05
48.6308 	EXP 	textTest: height = 0.05
48.6308 	EXP 	textTest: text = 'green'
48.6308 	EXP 	textTest: autoDraw = True
50.0696 	DATA 	Keypress: n
50.0805 	EXP 	textTest: autoDraw = False
50.0805 	EXP 	text: height = 0.05
50.0805 	EXP 	text: height = 0.05
50.0805 	EXP 	text: height = 0.05
50.0805 	EXP 	text: text = 'Sorry!!! The word was old'
50.0805 	EXP 	text: autoDraw = True
52.0648 	EXP 	New trial (rep=0, index=3): {'stim_word': 'button ', 'old_new': 'new '}
52.0809 	EXP 	text: autoDraw = False
52.0809 	EXP 	text: autoDraw = False
52.0809 	EXP 	textTest: height = 0.05
52.0809 	EXP 	textTest: height = 0.05
52.0809 	EXP 	textTest: height = 0.05
52.0809 	EXP 	textTest: text = 'button '
52.0809 	EXP 	textTest: autoDraw = True
53.2232 	DATA 	Keypress: n
53.2305 	EXP 	textTest: autoDraw = False
53.2305 	EXP 	text: height = 0.05
53.2305 	EXP 	text: height = 0.05
53.2305 	EXP 	text: height = 0.05
53.2305 	EXP 	text: text = "Congratulations! You didn't get fooled"
53.2305 	EXP 	text: autoDraw = True
55.2147 	EXP 	New trial (rep=0, index=4): {'stim_word': 'country', 'old_new': 'new '}
55.2308 	EXP 	text: autoDraw = False
55.2308 	EXP 	text: autoDraw = False
55.2308 	EXP 	textTest: height = 0.05
55.2308 	EXP 	textTest: height = 0.05
55.2308 	EXP 	textTest: height = 0.05
55.2308 	EXP 	textTest: text = 'country'
55.2308 	EXP 	textTest: autoDraw = True
57.6039 	DATA 	Keypress: y
57.6139 	EXP 	textTest: autoDraw = False
57.6139 	EXP 	text: height = 0.05
57.6139 	EXP 	text: height = 0.05
57.6139 	EXP 	text: height = 0.05
57.6139 	EXP 	text: text = 'Sorry!!! That was a new item'
57.6139 	EXP 	text: autoDraw = True
59.5978 	EXP 	New trial (rep=0, index=5): {'stim_word': 'hill', 'old_new': 'old'}
59.6138 	EXP 	text: autoDraw = False
59.6138 	EXP 	text: autoDraw = False
59.6138 	EXP 	textTest: height = 0.05
59.6138 	EXP 	textTest: height = 0.05
59.6138 	EXP 	textTest: height = 0.05
59.6138 	EXP 	textTest: text = 'hill'
59.6138 	EXP 	textTest: autoDraw = True
61.4656 	DATA 	Keypress: y
61.4975 	EXP 	textTest: autoDraw = False
61.4975 	EXP 	text: height = 0.05
61.4975 	EXP 	text: height = 0.05
61.4975 	EXP 	text: height = 0.05
61.4975 	EXP 	text: text = 'Congratulations! it was old and you knew'
61.4975 	EXP 	text: autoDraw = True
63.4812 	EXP 	New trial (rep=0, index=6): {'stim_word': 'computer', 'old_new': 'old'}
63.4978 	EXP 	text: autoDraw = False
63.4978 	EXP 	text: autoDraw = False
63.4978 	EXP 	textTest: height = 0.05
63.4978 	EXP 	textTest: height = 0.05
63.4978 	EXP 	textTest: height = 0.05
63.4978 	EXP 	textTest: text = 'computer'
63.4978 	EXP 	textTest: autoDraw = True
66.0050 	DATA 	Keypress: n
66.0135 	EXP 	textTest: autoDraw = False
66.0135 	EXP 	text: height = 0.05
66.0135 	EXP 	text: height = 0.05
66.0135 	EXP 	text: height = 0.05
66.0135 	EXP 	text: text = 'Sorry!!! The word was old'
66.0135 	EXP 	text: autoDraw = True
67.9978 	EXP 	New trial (rep=0, index=7): {'stim_word': 'android ', 'old_new': 'new '}
68.0136 	EXP 	text: autoDraw = False
68.0136 	EXP 	text: autoDraw = False
68.0136 	EXP 	textTest: height = 0.05
68.0136 	EXP 	textTest: height = 0.05
68.0136 	EXP 	textTest: height = 0.05
68.0136 	EXP 	textTest: text = 'android '
68.0136 	EXP 	textTest: autoDraw = True
70.9193 	DATA 	Keypress: y
70.9303 	EXP 	textTest: autoDraw = False
70.9303 	EXP 	text: height = 0.05
70.9303 	EXP 	text: height = 0.05
70.9303 	EXP 	text: height = 0.05
70.9303 	EXP 	text: text = 'Sorry!!! That was a new item'
70.9303 	EXP 	text: autoDraw = True
72.9147 	EXP 	New trial (rep=0, index=8): {'stim_word': 'circle', 'old_new': 'old'}
72.9308 	EXP 	text: autoDraw = False
72.9308 	EXP 	text: autoDraw = False
72.9308 	EXP 	textTest: height = 0.05
72.9308 	EXP 	textTest: height = 0.05
72.9308 	EXP 	textTest: height = 0.05
72.9308 	EXP 	textTest: text = 'circle'
72.9308 	EXP 	textTest: autoDraw = True
75.5210 	DATA 	Keypress: y
75.5303 	EXP 	textTest: autoDraw = False
75.5303 	EXP 	text: height = 0.05
75.5303 	EXP 	text: height = 0.05
75.5303 	EXP 	text: height = 0.05
75.5303 	EXP 	text: text = 'Congratulations! it was old and you knew'
75.5303 	EXP 	text: autoDraw = True
77.5306 	EXP 	text: autoDraw = False
77.5306 	EXP 	text: autoDraw = False
77.5306 	EXP 	textEnd: autoDraw = True
78.6657 	DATA 	Keypress: space
78.6802 	EXP 	textEnd: autoDraw = False
78.7767 	EXP 	window1: mouseVisible = True
