6.9938 	WARNING 	User requested fullscreen with size [1024  768], but screen is actually [1920, 1200]. Using actual size
7.6602 	EXP 	Created window1 = Window(allowGUI=True, allowStencil=False, autoLog=True, backendConf=UNKNOWN, backgroundFit=<method-wrapper '__getattribute__' of attributeSetter object at 0x00000188F1D92FA0>, backgroundImage=<method-wrapper '__getattribute__' of attributeSetter object at 0x00000188F1D92F40>, bitsMode=UNKNOWN, blendMode='avg', bpc=(8, 8, 8), color=array([0, 0, 0]), colorSpace='rgb', depthBits=8, fullscr=<method-wrapper '__getattribute__' of attributeSetter object at 0x00000188F1D92C40>, gamma=None, gammaErrorPolicy='raise', lms=UNKNOWN, monitor=<psychopy.monitors.calibTools.Monitor object at 0x00000188F2D87D30>, multiSample=False, name='window1', numSamples=2, pos=(0, 0), screen=0, size=array([1920, 1200]), stencilBits=0, stereo=False, units='height', useFBO=True, useRetina=False, viewOri=0.0, viewPos=None, viewScale=None, waitBlanking=True, winType='pyglet')
7.6604 	EXP 	window1: mouseVisible = True
7.6605 	EXP 	window1: backgroundImage = ''
7.6605 	EXP 	window1: backgroundFit = 'none'
7.6606 	EXP 	window1: mouseVisible = False
7.6606 	EXP 	window1: Attempting to measure frame rate of screen (0) ...
7.6606 	EXP 	window1: recordFrameIntervals = False
7.8272 	EXP 	window1: recordFrameIntervals = True
8.0093 	EXP 	Screen (0) actual frame rate measured at 60.51Hz
8.0093 	EXP 	window1: recordFrameIntervals = False
9.7183 	EXP 	Created fixation = ShapeStim(__class__=<class 'psychopy.visual.shape.ShapeStim'>, anchor=('center', 'center'), autoDraw=False, autoLog=True, closeShape=True, color=method-wrapper(...), colorSpace='rgb', contrast=None, depth=0.0, fillColor=array([-0.2549,  0.2392,  0.2549]), fillColorSpace='rgb', fillRGB=array([-0.2549,  0.2392,  0.2549]), interpolate=True, lineColor=array([1., 1., 1.]), lineColorSpace='rgb', lineRGB=array([1, 1, 1]), lineWidth=1.0, name='fixation', opacity=1.0, ori=0.0, pos=array([0., 0.]), size=array([10., 10.]), units='pix', vertices=ndarray(...), win=Window(...), windingRule=None)
9.7203 	EXP 	Created line1 = Rect(__class__=<class 'psychopy.visual.rect.Rect'>, anchor=('center', 'center'), autoDraw=False, autoLog=True, closeShape=True, color=method-wrapper(...), colorSpace='rgb', contrast=None, depth=-1.0, fillColor=array([1, 1, 1]), fillColorSpace='rgb', fillRGB=array([1, 1, 1]), interpolate=True, lineColor=array([1., 1., 1.]), lineColorSpace='rgb', lineRGB=array([1, 1, 1]), lineWidth=1.0, name='line1', opacity=1.0, ori=90.0, pos=array([-150.,   60.]), size=array([100.,  10.]), units='pix', vertices=ndarray(...), win=Window(...))
9.7221 	EXP 	Created line2 = Rect(__class__=<class 'psychopy.visual.rect.Rect'>, anchor=('center', 'center'), autoDraw=False, autoLog=True, closeShape=True, color=method-wrapper(...), colorSpace='rgb', contrast=None, depth=-2.0, fillColor=array([1, 1, 1]), fillColorSpace='rgb', fillRGB=array([1, 1, 1]), interpolate=True, lineColor=array([1., 1., 1.]), lineColorSpace='rgb', lineRGB=array([1, 1, 1]), lineWidth=1.0, name='line2', opacity=1.0, ori=90.0, pos=array([-50.,  60.]), size=array([100.,  10.]), units='pix', vertices=ndarray(...), win=Window(...))
9.7239 	EXP 	Created line3 = Rect(__class__=<class 'psychopy.visual.rect.Rect'>, anchor=('center', 'center'), autoDraw=False, autoLog=True, closeShape=True, color=method-wrapper(...), colorSpace='rgb', contrast=None, depth=-3.0, fillColor=array([1, 1, 1]), fillColorSpace='rgb', fillRGB=array([1, 1, 1]), interpolate=True, lineColor=array([1., 1., 1.]), lineColorSpace='rgb', lineRGB=array([1, 1, 1]), lineWidth=1.0, name='line3', opacity=1.0, ori=90.0, pos=array([50., 60.]), size=array([100.,  10.]), units='pix', vertices=ndarray(...), win=Window(...))
9.7258 	EXP 	Created line4 = Rect(__class__=<class 'psychopy.visual.rect.Rect'>, anchor=('center', 'center'), autoDraw=False, autoLog=True, closeShape=True, color=method-wrapper(...), colorSpace='rgb', contrast=None, depth=-4.0, fillColor=array([1, 1, 1]), fillColorSpace='rgb', fillRGB=array([1, 1, 1]), interpolate=True, lineColor=array([1., 1., 1.]), lineColorSpace='rgb', lineRGB=array([1, 1, 1]), lineWidth=1.0, name='line4', opacity=1.0, ori=90.0, pos=array([150.,  60.]), size=array([100.,  10.]), units='pix', vertices=ndarray(...), win=Window(...))
9.7277 	EXP 	Created probe = ShapeStim(__class__=<class 'psychopy.visual.shape.ShapeStim'>, anchor=('center', 'center'), autoDraw=False, autoLog=True, closeShape=True, color=method-wrapper(...), colorSpace='rgb', contrast=None, depth=-5.0, fillColor=array([1, 1, 1]), fillColorSpace='rgb', fillRGB=array([1, 1, 1]), interpolate=True, lineColor=array([1., 1., 1.]), lineColorSpace='rgb', lineRGB=array([1, 1, 1]), lineWidth=1.0, name='probe', opacity=1.0, ori=0.0, pos=array([0., 0.]), size=array([10., 10.]), units='pix', vertices=ndarray(...), win=Window(...), windingRule=None)
9.7299 	EXP 	Created fixation = ShapeStim(__class__=<class 'psychopy.visual.shape.ShapeStim'>, anchor=('center', 'center'), autoDraw=False, autoLog=True, closeShape=True, color=method-wrapper(...), colorSpace='rgb', contrast=None, depth=0.0, fillColor=array([-0.2549,  0.2392,  0.2549]), fillColorSpace='rgb', fillRGB=array([-0.2549,  0.2392,  0.2549]), interpolate=True, lineColor=array([1., 1., 1.]), lineColorSpace='rgb', lineRGB=array([1, 1, 1]), lineWidth=1.0, name='fixation', opacity=1.0, ori=0.0, pos=array([0., 0.]), size=array([10., 10.]), units='pix', vertices=ndarray(...), win=Window(...), windingRule=None)
9.7317 	EXP 	Created line1 = Rect(__class__=<class 'psychopy.visual.rect.Rect'>, anchor=('center', 'center'), autoDraw=False, autoLog=True, closeShape=True, color=method-wrapper(...), colorSpace='rgb', contrast=None, depth=-1.0, fillColor=array([1, 1, 1]), fillColorSpace='rgb', fillRGB=array([1, 1, 1]), interpolate=True, lineColor=array([1., 1., 1.]), lineColorSpace='rgb', lineRGB=array([1, 1, 1]), lineWidth=1.0, name='line1', opacity=1.0, ori=90.0, pos=array([-150.,   60.]), size=array([100.,  10.]), units='pix', vertices=ndarray(...), win=Window(...))
9.7335 	EXP 	Created line2 = Rect(__class__=<class 'psychopy.visual.rect.Rect'>, anchor=('center', 'center'), autoDraw=False, autoLog=True, closeShape=True, color=method-wrapper(...), colorSpace='rgb', contrast=None, depth=-2.0, fillColor=array([1, 1, 1]), fillColorSpace='rgb', fillRGB=array([1, 1, 1]), interpolate=True, lineColor=array([1., 1., 1.]), lineColorSpace='rgb', lineRGB=array([1, 1, 1]), lineWidth=1.0, name='line2', opacity=1.0, ori=90.0, pos=array([-50.,  60.]), size=array([100.,  10.]), units='pix', vertices=ndarray(...), win=Window(...))
9.7353 	EXP 	Created line3 = Rect(__class__=<class 'psychopy.visual.rect.Rect'>, anchor=('center', 'center'), autoDraw=False, autoLog=True, closeShape=True, color=method-wrapper(...), colorSpace='rgb', contrast=None, depth=-3.0, fillColor=array([1, 1, 1]), fillColorSpace='rgb', fillRGB=array([1, 1, 1]), interpolate=True, lineColor=array([1., 1., 1.]), lineColorSpace='rgb', lineRGB=array([1, 1, 1]), lineWidth=1.0, name='line3', opacity=1.0, ori=90.0, pos=array([50., 60.]), size=array([100.,  10.]), units='pix', vertices=ndarray(...), win=Window(...))
9.7370 	EXP 	Created line4 = Rect(__class__=<class 'psychopy.visual.rect.Rect'>, anchor=('center', 'center'), autoDraw=False, autoLog=True, closeShape=True, color=method-wrapper(...), colorSpace='rgb', contrast=None, depth=-4.0, fillColor=array([1, 1, 1]), fillColorSpace='rgb', fillRGB=array([1, 1, 1]), interpolate=True, lineColor=array([1., 1., 1.]), lineColorSpace='rgb', lineRGB=array([1, 1, 1]), lineWidth=1.0, name='line4', opacity=1.0, ori=90.0, pos=array([150.,  60.]), size=array([100.,  10.]), units='pix', vertices=ndarray(...), win=Window(...))
9.7389 	EXP 	Created probe = ShapeStim(__class__=<class 'psychopy.visual.shape.ShapeStim'>, anchor=('center', 'center'), autoDraw=False, autoLog=True, closeShape=True, color=method-wrapper(...), colorSpace='rgb', contrast=None, depth=-5.0, fillColor=array([1, 1, 1]), fillColorSpace='rgb', fillRGB=array([1, 1, 1]), interpolate=True, lineColor=array([1., 1., 1.]), lineColorSpace='rgb', lineRGB=array([1, 1, 1]), lineWidth=1.0, name='probe', opacity=1.0, ori=0.0, pos=array([0., 0.]), size=array([10., 10.]), units='pix', vertices=ndarray(...), win=Window(...), windingRule=None)
9.7453 	EXP 	Imported sequence_con.xlsx as conditions, 4 conditions, 2 params
9.7458 	EXP 	Created sequence: sequential, trialTypes=4, nReps=12, seed=None
9.7461 	EXP 	New trial (rep=0, index=0): {'pos': -50, 'corr_resp': 'x'}
9.7585 	EXP 	fixation: autoDraw = True
10.7415 	EXP 	line1: autoDraw = True
10.7415 	EXP 	line2: autoDraw = True
10.7415 	EXP 	line3: autoDraw = True
10.7415 	EXP 	line4: autoDraw = True
10.7599 	EXP 	fixation: autoDraw = False
11.7419 	EXP 	probe: autoDraw = True
12.4601 	EXP 	New trial (rep=0, index=1): {'pos': 150, 'corr_resp': 'v'}
12.4625 	DATA 	Keypress: x
12.4749 	EXP 	fixation: autoDraw = False
12.4749 	EXP 	line1: autoDraw = False
12.4749 	EXP 	line2: autoDraw = False
12.4749 	EXP 	line3: autoDraw = False
12.4749 	EXP 	line4: autoDraw = False
12.4749 	EXP 	probe: autoDraw = False
12.4749 	EXP 	fixation: autoDraw = True
13.4751 	EXP 	fixation: autoDraw = False
13.4751 	EXP 	line1: autoDraw = True
13.4751 	EXP 	line2: autoDraw = True
13.4751 	EXP 	line3: autoDraw = True
13.4751 	EXP 	line4: autoDraw = True
14.4749 	EXP 	probe: autoDraw = True
14.9092 	EXP 	New trial (rep=0, index=2): {'pos': 50, 'corr_resp': 'c'}
14.9107 	DATA 	Keypress: v
14.9255 	EXP 	fixation: autoDraw = False
14.9255 	EXP 	line1: autoDraw = False
14.9255 	EXP 	line2: autoDraw = False
14.9255 	EXP 	line3: autoDraw = False
14.9255 	EXP 	line4: autoDraw = False
14.9255 	EXP 	probe: autoDraw = False
14.9255 	EXP 	fixation: autoDraw = True
15.9078 	EXP 	line1: autoDraw = True
15.9078 	EXP 	line2: autoDraw = True
15.9078 	EXP 	line3: autoDraw = True
15.9078 	EXP 	line4: autoDraw = True
15.9255 	EXP 	fixation: autoDraw = False
16.9248 	EXP 	probe: autoDraw = True
17.4091 	EXP 	New trial (rep=0, index=3): {'pos': -150, 'corr_resp': 'z'}
17.4106 	DATA 	Keypress: c
17.4244 	EXP 	fixation: autoDraw = False
17.4244 	EXP 	line1: autoDraw = False
17.4244 	EXP 	line2: autoDraw = False
17.4244 	EXP 	line3: autoDraw = False
17.4244 	EXP 	line4: autoDraw = False
17.4244 	EXP 	probe: autoDraw = False
17.4244 	EXP 	fixation: autoDraw = True
18.4077 	EXP 	line1: autoDraw = True
18.4077 	EXP 	line2: autoDraw = True
18.4077 	EXP 	line3: autoDraw = True
18.4077 	EXP 	line4: autoDraw = True
18.4244 	EXP 	fixation: autoDraw = False
19.4245 	EXP 	probe: autoDraw = True
19.6928 	EXP 	New trial (rep=1, index=0): {'pos': -50, 'corr_resp': 'x'}
19.6944 	DATA 	Keypress: z
19.7078 	EXP 	fixation: autoDraw = False
19.7078 	EXP 	line1: autoDraw = False
19.7078 	EXP 	line2: autoDraw = False
19.7078 	EXP 	line3: autoDraw = False
19.7078 	EXP 	line4: autoDraw = False
19.7078 	EXP 	probe: autoDraw = False
19.7078 	EXP 	fixation: autoDraw = True
20.7081 	EXP 	fixation: autoDraw = False
20.7081 	EXP 	line1: autoDraw = True
20.7081 	EXP 	line2: autoDraw = True
20.7081 	EXP 	line3: autoDraw = True
20.7081 	EXP 	line4: autoDraw = True
21.7080 	EXP 	probe: autoDraw = True
22.0960 	DATA 	Keypress: x
22.1096 	EXP 	New trial (rep=1, index=1): {'pos': 150, 'corr_resp': 'v'}
22.1243 	EXP 	fixation: autoDraw = False
22.1243 	EXP 	line1: autoDraw = False
22.1243 	EXP 	line2: autoDraw = False
22.1243 	EXP 	line3: autoDraw = False
22.1243 	EXP 	line4: autoDraw = False
22.1243 	EXP 	probe: autoDraw = False
22.1243 	EXP 	fixation: autoDraw = True
23.1250 	EXP 	fixation: autoDraw = False
23.1250 	EXP 	line1: autoDraw = True
23.1250 	EXP 	line2: autoDraw = True
23.1250 	EXP 	line3: autoDraw = True
23.1250 	EXP 	line4: autoDraw = True
24.1246 	EXP 	probe: autoDraw = True
24.5600 	EXP 	New trial (rep=1, index=2): {'pos': 50, 'corr_resp': 'c'}
24.5617 	DATA 	Keypress: v
24.5752 	EXP 	fixation: autoDraw = False
24.5752 	EXP 	line1: autoDraw = False
24.5752 	EXP 	line2: autoDraw = False
24.5752 	EXP 	line3: autoDraw = False
24.5752 	EXP 	line4: autoDraw = False
24.5752 	EXP 	probe: autoDraw = False
24.5752 	EXP 	fixation: autoDraw = True
25.5749 	EXP 	fixation: autoDraw = False
25.5749 	EXP 	line1: autoDraw = True
25.5749 	EXP 	line2: autoDraw = True
25.5749 	EXP 	line3: autoDraw = True
25.5749 	EXP 	line4: autoDraw = True
26.5749 	EXP 	probe: autoDraw = True
26.9116 	DATA 	Keypress: c
26.9261 	EXP 	New trial (rep=1, index=3): {'pos': -150, 'corr_resp': 'z'}
26.9415 	EXP 	fixation: autoDraw = False
26.9415 	EXP 	line1: autoDraw = False
26.9415 	EXP 	line2: autoDraw = False
26.9415 	EXP 	line3: autoDraw = False
26.9415 	EXP 	line4: autoDraw = False
26.9415 	EXP 	probe: autoDraw = False
26.9415 	EXP 	fixation: autoDraw = True
27.9412 	EXP 	fixation: autoDraw = False
27.9412 	EXP 	line1: autoDraw = True
27.9412 	EXP 	line2: autoDraw = True
27.9412 	EXP 	line3: autoDraw = True
27.9412 	EXP 	line4: autoDraw = True
28.9411 	EXP 	probe: autoDraw = True
29.1766 	EXP 	New trial (rep=2, index=0): {'pos': -50, 'corr_resp': 'x'}
29.1784 	DATA 	Keypress: z
29.1912 	EXP 	fixation: autoDraw = False
29.1912 	EXP 	line1: autoDraw = False
29.1912 	EXP 	line2: autoDraw = False
29.1912 	EXP 	line3: autoDraw = False
29.1912 	EXP 	line4: autoDraw = False
29.1912 	EXP 	probe: autoDraw = False
29.1912 	EXP 	fixation: autoDraw = True
30.1912 	EXP 	fixation: autoDraw = False
30.1912 	EXP 	line1: autoDraw = True
30.1912 	EXP 	line2: autoDraw = True
30.1912 	EXP 	line3: autoDraw = True
30.1912 	EXP 	line4: autoDraw = True
31.1910 	EXP 	probe: autoDraw = True
31.7922 	EXP 	New trial (rep=2, index=1): {'pos': 150, 'corr_resp': 'v'}
31.7938 	DATA 	Keypress: x
31.8077 	EXP 	fixation: autoDraw = False
31.8077 	EXP 	line1: autoDraw = False
31.8077 	EXP 	line2: autoDraw = False
31.8077 	EXP 	line3: autoDraw = False
31.8077 	EXP 	line4: autoDraw = False
31.8077 	EXP 	probe: autoDraw = False
31.8077 	EXP 	fixation: autoDraw = True
32.8076 	EXP 	fixation: autoDraw = False
32.8076 	EXP 	line1: autoDraw = True
32.8076 	EXP 	line2: autoDraw = True
32.8076 	EXP 	line3: autoDraw = True
32.8076 	EXP 	line4: autoDraw = True
33.7909 	EXP 	probe: autoDraw = True
34.1759 	EXP 	New trial (rep=2, index=2): {'pos': 50, 'corr_resp': 'c'}
34.1776 	DATA 	Keypress: v
34.1909 	EXP 	fixation: autoDraw = False
34.1909 	EXP 	line1: autoDraw = False
34.1909 	EXP 	line2: autoDraw = False
34.1909 	EXP 	line3: autoDraw = False
34.1909 	EXP 	line4: autoDraw = False
34.1909 	EXP 	probe: autoDraw = False
34.1909 	EXP 	fixation: autoDraw = True
35.1916 	EXP 	fixation: autoDraw = False
35.1916 	EXP 	line1: autoDraw = True
35.1916 	EXP 	line2: autoDraw = True
35.1916 	EXP 	line3: autoDraw = True
35.1916 	EXP 	line4: autoDraw = True
36.1917 	EXP 	probe: autoDraw = True
36.6255 	EXP 	New trial (rep=2, index=3): {'pos': -150, 'corr_resp': 'z'}
36.6270 	DATA 	Keypress: c
36.6411 	EXP 	fixation: autoDraw = False
36.6411 	EXP 	line1: autoDraw = False
36.6411 	EXP 	line2: autoDraw = False
36.6411 	EXP 	line3: autoDraw = False
36.6411 	EXP 	line4: autoDraw = False
36.6411 	EXP 	probe: autoDraw = False
36.6411 	EXP 	fixation: autoDraw = True
37.6250 	EXP 	line1: autoDraw = True
37.6250 	EXP 	line2: autoDraw = True
37.6250 	EXP 	line3: autoDraw = True
37.6250 	EXP 	line4: autoDraw = True
37.6420 	EXP 	fixation: autoDraw = False
38.6410 	EXP 	probe: autoDraw = True
39.0597 	EXP 	New trial (rep=3, index=0): {'pos': -50, 'corr_resp': 'x'}
39.0614 	DATA 	Keypress: z
39.0741 	EXP 	fixation: autoDraw = False
39.0741 	EXP 	line1: autoDraw = False
39.0741 	EXP 	line2: autoDraw = False
39.0741 	EXP 	line3: autoDraw = False
39.0741 	EXP 	line4: autoDraw = False
39.0741 	EXP 	probe: autoDraw = False
39.0741 	EXP 	fixation: autoDraw = True
40.0741 	EXP 	fixation: autoDraw = False
40.0741 	EXP 	line1: autoDraw = True
40.0741 	EXP 	line2: autoDraw = True
40.0741 	EXP 	line3: autoDraw = True
40.0741 	EXP 	line4: autoDraw = True
41.0741 	EXP 	probe: autoDraw = True
41.5427 	EXP 	New trial (rep=3, index=1): {'pos': 150, 'corr_resp': 'v'}
41.5445 	DATA 	Keypress: x
41.5586 	EXP 	fixation: autoDraw = False
41.5586 	EXP 	line1: autoDraw = False
41.5586 	EXP 	line2: autoDraw = False
41.5586 	EXP 	line3: autoDraw = False
41.5586 	EXP 	line4: autoDraw = False
41.5586 	EXP 	probe: autoDraw = False
41.5586 	EXP 	fixation: autoDraw = True
42.5577 	EXP 	line1: autoDraw = True
42.5577 	EXP 	line2: autoDraw = True
42.5577 	EXP 	line3: autoDraw = True
42.5577 	EXP 	line4: autoDraw = True
42.5742 	EXP 	fixation: autoDraw = False
43.5576 	EXP 	probe: autoDraw = True
43.9959 	DATA 	Keypress: v
44.0094 	EXP 	New trial (rep=3, index=2): {'pos': 50, 'corr_resp': 'c'}
44.0242 	EXP 	fixation: autoDraw = False
44.0242 	EXP 	line1: autoDraw = False
44.0242 	EXP 	line2: autoDraw = False
44.0242 	EXP 	line3: autoDraw = False
44.0242 	EXP 	line4: autoDraw = False
44.0242 	EXP 	probe: autoDraw = False
44.0242 	EXP 	fixation: autoDraw = True
45.0243 	EXP 	fixation: autoDraw = False
45.0243 	EXP 	line1: autoDraw = True
45.0243 	EXP 	line2: autoDraw = True
45.0243 	EXP 	line3: autoDraw = True
45.0243 	EXP 	line4: autoDraw = True
46.0243 	EXP 	probe: autoDraw = True
46.3753 	EXP 	New trial (rep=3, index=3): {'pos': -150, 'corr_resp': 'z'}
46.3770 	DATA 	Keypress: c
46.3910 	EXP 	fixation: autoDraw = False
46.3910 	EXP 	line1: autoDraw = False
46.3910 	EXP 	line2: autoDraw = False
46.3910 	EXP 	line3: autoDraw = False
46.3910 	EXP 	line4: autoDraw = False
46.3910 	EXP 	probe: autoDraw = False
46.3910 	EXP 	fixation: autoDraw = True
47.3744 	EXP 	line1: autoDraw = True
47.3744 	EXP 	line2: autoDraw = True
47.3744 	EXP 	line3: autoDraw = True
47.3744 	EXP 	line4: autoDraw = True
47.3912 	EXP 	fixation: autoDraw = False
48.3742 	EXP 	probe: autoDraw = True
48.7761 	EXP 	New trial (rep=4, index=0): {'pos': -50, 'corr_resp': 'x'}
48.7777 	DATA 	Keypress: z
48.7909 	EXP 	fixation: autoDraw = False
48.7909 	EXP 	line1: autoDraw = False
48.7909 	EXP 	line2: autoDraw = False
48.7909 	EXP 	line3: autoDraw = False
48.7909 	EXP 	line4: autoDraw = False
48.7909 	EXP 	probe: autoDraw = False
48.7909 	EXP 	fixation: autoDraw = True
49.7911 	EXP 	fixation: autoDraw = False
49.7911 	EXP 	line1: autoDraw = True
49.7911 	EXP 	line2: autoDraw = True
49.7911 	EXP 	line3: autoDraw = True
49.7911 	EXP 	line4: autoDraw = True
50.7914 	EXP 	probe: autoDraw = True
51.2096 	EXP 	New trial (rep=4, index=1): {'pos': 150, 'corr_resp': 'v'}
51.2116 	DATA 	Keypress: x
51.2245 	EXP 	fixation: autoDraw = False
51.2245 	EXP 	line1: autoDraw = False
51.2245 	EXP 	line2: autoDraw = False
51.2245 	EXP 	line3: autoDraw = False
51.2245 	EXP 	line4: autoDraw = False
51.2245 	EXP 	probe: autoDraw = False
51.2245 	EXP 	fixation: autoDraw = True
52.2248 	EXP 	fixation: autoDraw = False
52.2248 	EXP 	line1: autoDraw = True
52.2248 	EXP 	line2: autoDraw = True
52.2248 	EXP 	line3: autoDraw = True
52.2248 	EXP 	line4: autoDraw = True
53.2245 	EXP 	probe: autoDraw = True
53.6422 	EXP 	New trial (rep=4, index=2): {'pos': 50, 'corr_resp': 'c'}
53.6442 	DATA 	Keypress: v
53.6575 	EXP 	fixation: autoDraw = False
53.6575 	EXP 	line1: autoDraw = False
53.6575 	EXP 	line2: autoDraw = False
53.6575 	EXP 	line3: autoDraw = False
53.6575 	EXP 	line4: autoDraw = False
53.6575 	EXP 	probe: autoDraw = False
53.6575 	EXP 	fixation: autoDraw = True
54.6411 	EXP 	line1: autoDraw = True
54.6411 	EXP 	line2: autoDraw = True
54.6411 	EXP 	line3: autoDraw = True
54.6411 	EXP 	line4: autoDraw = True
54.6575 	EXP 	fixation: autoDraw = False
55.6416 	EXP 	probe: autoDraw = True
56.0604 	EXP 	New trial (rep=4, index=3): {'pos': -150, 'corr_resp': 'z'}
56.0621 	DATA 	Keypress: c
56.0743 	EXP 	fixation: autoDraw = False
56.0743 	EXP 	line1: autoDraw = False
56.0743 	EXP 	line2: autoDraw = False
56.0743 	EXP 	line3: autoDraw = False
56.0743 	EXP 	line4: autoDraw = False
56.0743 	EXP 	probe: autoDraw = False
56.0743 	EXP 	fixation: autoDraw = True
57.0744 	EXP 	fixation: autoDraw = False
57.0744 	EXP 	line1: autoDraw = True
57.0744 	EXP 	line2: autoDraw = True
57.0744 	EXP 	line3: autoDraw = True
57.0744 	EXP 	line4: autoDraw = True
58.0741 	EXP 	probe: autoDraw = True
58.5764 	EXP 	New trial (rep=5, index=0): {'pos': -50, 'corr_resp': 'x'}
58.5781 	DATA 	Keypress: z
58.5908 	EXP 	fixation: autoDraw = False
58.5908 	EXP 	line1: autoDraw = False
58.5908 	EXP 	line2: autoDraw = False
58.5908 	EXP 	line3: autoDraw = False
58.5908 	EXP 	line4: autoDraw = False
58.5908 	EXP 	probe: autoDraw = False
58.5908 	EXP 	fixation: autoDraw = True
59.5907 	EXP 	fixation: autoDraw = False
59.5907 	EXP 	line1: autoDraw = True
59.5907 	EXP 	line2: autoDraw = True
59.5907 	EXP 	line3: autoDraw = True
59.5907 	EXP 	line4: autoDraw = True
60.5911 	EXP 	probe: autoDraw = True
60.8792 	DATA 	Keypress: x
60.8929 	EXP 	New trial (rep=5, index=1): {'pos': 150, 'corr_resp': 'v'}
60.9077 	EXP 	fixation: autoDraw = False
60.9077 	EXP 	line1: autoDraw = False
60.9077 	EXP 	line2: autoDraw = False
60.9077 	EXP 	line3: autoDraw = False
60.9077 	EXP 	line4: autoDraw = False
60.9077 	EXP 	probe: autoDraw = False
60.9077 	EXP 	fixation: autoDraw = True
61.9081 	EXP 	fixation: autoDraw = False
61.9081 	EXP 	line1: autoDraw = True
61.9081 	EXP 	line2: autoDraw = True
61.9081 	EXP 	line3: autoDraw = True
61.9081 	EXP 	line4: autoDraw = True
62.9077 	EXP 	probe: autoDraw = True
63.3261 	EXP 	New trial (rep=5, index=2): {'pos': 50, 'corr_resp': 'c'}
63.3279 	DATA 	Keypress: v
63.3409 	EXP 	fixation: autoDraw = False
63.3409 	EXP 	line1: autoDraw = False
63.3409 	EXP 	line2: autoDraw = False
63.3409 	EXP 	line3: autoDraw = False
63.3409 	EXP 	line4: autoDraw = False
63.3409 	EXP 	probe: autoDraw = False
63.3409 	EXP 	fixation: autoDraw = True
64.3413 	EXP 	fixation: autoDraw = False
64.3413 	EXP 	line1: autoDraw = True
64.3413 	EXP 	line2: autoDraw = True
64.3413 	EXP 	line3: autoDraw = True
64.3413 	EXP 	line4: autoDraw = True
65.3248 	EXP 	probe: autoDraw = True
65.6762 	EXP 	New trial (rep=5, index=3): {'pos': -150, 'corr_resp': 'z'}
65.6782 	DATA 	Keypress: x
65.6915 	EXP 	fixation: autoDraw = False
65.6915 	EXP 	line1: autoDraw = False
65.6915 	EXP 	line2: autoDraw = False
65.6915 	EXP 	line3: autoDraw = False
65.6915 	EXP 	line4: autoDraw = False
65.6915 	EXP 	probe: autoDraw = False
65.6915 	EXP 	fixation: autoDraw = True
66.6912 	EXP 	fixation: autoDraw = False
66.6912 	EXP 	line1: autoDraw = True
66.6912 	EXP 	line2: autoDraw = True
66.6912 	EXP 	line3: autoDraw = True
66.6912 	EXP 	line4: autoDraw = True
67.6907 	EXP 	probe: autoDraw = True
68.0595 	EXP 	New trial (rep=6, index=0): {'pos': -50, 'corr_resp': 'x'}
68.0615 	DATA 	Keypress: z
68.0740 	EXP 	fixation: autoDraw = False
68.0740 	EXP 	line1: autoDraw = False
68.0740 	EXP 	line2: autoDraw = False
68.0740 	EXP 	line3: autoDraw = False
68.0740 	EXP 	line4: autoDraw = False
68.0740 	EXP 	probe: autoDraw = False
68.0740 	EXP 	fixation: autoDraw = True
69.0737 	EXP 	fixation: autoDraw = False
69.0737 	EXP 	line1: autoDraw = True
69.0737 	EXP 	line2: autoDraw = True
69.0737 	EXP 	line3: autoDraw = True
69.0737 	EXP 	line4: autoDraw = True
70.0738 	EXP 	probe: autoDraw = True
70.5584 	EXP 	New trial (rep=6, index=1): {'pos': 150, 'corr_resp': 'v'}
70.5600 	DATA 	Keypress: c
70.5739 	EXP 	fixation: autoDraw = False
70.5739 	EXP 	line1: autoDraw = False
70.5739 	EXP 	line2: autoDraw = False
70.5739 	EXP 	line3: autoDraw = False
70.5739 	EXP 	line4: autoDraw = False
70.5739 	EXP 	probe: autoDraw = False
70.5739 	EXP 	fixation: autoDraw = True
71.5573 	EXP 	line1: autoDraw = True
71.5573 	EXP 	line2: autoDraw = True
71.5573 	EXP 	line3: autoDraw = True
71.5573 	EXP 	line4: autoDraw = True
71.5739 	EXP 	fixation: autoDraw = False
72.5575 	EXP 	probe: autoDraw = True
73.0593 	EXP 	New trial (rep=6, index=2): {'pos': 50, 'corr_resp': 'c'}
73.0614 	DATA 	Keypress: v
73.0742 	EXP 	fixation: autoDraw = False
73.0742 	EXP 	line1: autoDraw = False
73.0742 	EXP 	line2: autoDraw = False
73.0742 	EXP 	line3: autoDraw = False
73.0742 	EXP 	line4: autoDraw = False
73.0742 	EXP 	probe: autoDraw = False
73.0742 	EXP 	fixation: autoDraw = True
74.0742 	EXP 	fixation: autoDraw = False
74.0742 	EXP 	line1: autoDraw = True
74.0742 	EXP 	line2: autoDraw = True
74.0742 	EXP 	line3: autoDraw = True
74.0742 	EXP 	line4: autoDraw = True
75.0738 	EXP 	probe: autoDraw = True
75.5583 	EXP 	New trial (rep=6, index=3): {'pos': -150, 'corr_resp': 'z'}
75.5598 	DATA 	Keypress: c
75.5742 	EXP 	fixation: autoDraw = False
75.5742 	EXP 	line1: autoDraw = False
75.5742 	EXP 	line2: autoDraw = False
75.5742 	EXP 	line3: autoDraw = False
75.5742 	EXP 	line4: autoDraw = False
75.5742 	EXP 	probe: autoDraw = False
75.5742 	EXP 	fixation: autoDraw = True
76.5580 	EXP 	line1: autoDraw = True
76.5580 	EXP 	line2: autoDraw = True
76.5580 	EXP 	line3: autoDraw = True
76.5580 	EXP 	line4: autoDraw = True
76.5740 	EXP 	fixation: autoDraw = False
77.5577 	EXP 	probe: autoDraw = True
78.0254 	EXP 	New trial (rep=7, index=0): {'pos': -50, 'corr_resp': 'x'}
78.0270 	DATA 	Keypress: z
78.0403 	EXP 	fixation: autoDraw = False
78.0403 	EXP 	line1: autoDraw = False
78.0403 	EXP 	line2: autoDraw = False
78.0403 	EXP 	line3: autoDraw = False
78.0403 	EXP 	line4: autoDraw = False
78.0403 	EXP 	probe: autoDraw = False
78.0403 	EXP 	fixation: autoDraw = True
79.0244 	EXP 	line1: autoDraw = True
79.0244 	EXP 	line2: autoDraw = True
79.0244 	EXP 	line3: autoDraw = True
79.0244 	EXP 	line4: autoDraw = True
79.0412 	EXP 	fixation: autoDraw = False
80.0244 	EXP 	probe: autoDraw = True
80.4091 	EXP 	New trial (rep=7, index=1): {'pos': 150, 'corr_resp': 'v'}
80.4108 	DATA 	Keypress: x
80.4238 	EXP 	fixation: autoDraw = False
80.4238 	EXP 	line1: autoDraw = False
80.4238 	EXP 	line2: autoDraw = False
80.4238 	EXP 	line3: autoDraw = False
80.4238 	EXP 	line4: autoDraw = False
80.4238 	EXP 	probe: autoDraw = False
80.4238 	EXP 	fixation: autoDraw = True
81.4242 	EXP 	fixation: autoDraw = False
81.4242 	EXP 	line1: autoDraw = True
81.4242 	EXP 	line2: autoDraw = True
81.4242 	EXP 	line3: autoDraw = True
81.4242 	EXP 	line4: autoDraw = True
82.4072 	EXP 	probe: autoDraw = True
82.8924 	EXP 	New trial (rep=7, index=2): {'pos': 50, 'corr_resp': 'c'}
82.8941 	DATA 	Keypress: v
82.9070 	EXP 	fixation: autoDraw = False
82.9070 	EXP 	line1: autoDraw = False
82.9070 	EXP 	line2: autoDraw = False
82.9070 	EXP 	line3: autoDraw = False
82.9070 	EXP 	line4: autoDraw = False
82.9070 	EXP 	probe: autoDraw = False
82.9070 	EXP 	fixation: autoDraw = True
83.9073 	EXP 	fixation: autoDraw = False
83.9073 	EXP 	line1: autoDraw = True
83.9073 	EXP 	line2: autoDraw = True
83.9073 	EXP 	line3: autoDraw = True
83.9073 	EXP 	line4: autoDraw = True
84.9077 	EXP 	probe: autoDraw = True
85.2759 	EXP 	New trial (rep=7, index=3): {'pos': -150, 'corr_resp': 'z'}
85.2778 	DATA 	Keypress: c
85.2902 	EXP 	fixation: autoDraw = False
85.2902 	EXP 	line1: autoDraw = False
85.2902 	EXP 	line2: autoDraw = False
85.2902 	EXP 	line3: autoDraw = False
85.2902 	EXP 	line4: autoDraw = False
85.2902 	EXP 	probe: autoDraw = False
85.2902 	EXP 	fixation: autoDraw = True
86.2904 	EXP 	fixation: autoDraw = False
86.2904 	EXP 	line1: autoDraw = True
86.2904 	EXP 	line2: autoDraw = True
86.2904 	EXP 	line3: autoDraw = True
86.2904 	EXP 	line4: autoDraw = True
87.2909 	EXP 	probe: autoDraw = True
87.5951 	DATA 	Keypress: z
87.6094 	EXP 	New trial (rep=8, index=0): {'pos': -50, 'corr_resp': 'x'}
87.6239 	EXP 	fixation: autoDraw = False
87.6239 	EXP 	line1: autoDraw = False
87.6239 	EXP 	line2: autoDraw = False
87.6239 	EXP 	line3: autoDraw = False
87.6239 	EXP 	line4: autoDraw = False
87.6239 	EXP 	probe: autoDraw = False
87.6239 	EXP 	fixation: autoDraw = True
88.6250 	EXP 	fixation: autoDraw = False
88.6250 	EXP 	line1: autoDraw = True
88.6250 	EXP 	line2: autoDraw = True
88.6250 	EXP 	line3: autoDraw = True
88.6250 	EXP 	line4: autoDraw = True
89.6246 	EXP 	probe: autoDraw = True
90.0452 	DATA 	Keypress: x
90.0591 	EXP 	New trial (rep=8, index=1): {'pos': 150, 'corr_resp': 'v'}
90.0739 	EXP 	fixation: autoDraw = False
90.0739 	EXP 	line1: autoDraw = False
90.0739 	EXP 	line2: autoDraw = False
90.0739 	EXP 	line3: autoDraw = False
90.0739 	EXP 	line4: autoDraw = False
90.0739 	EXP 	probe: autoDraw = False
90.0739 	EXP 	fixation: autoDraw = True
91.0740 	EXP 	fixation: autoDraw = False
91.0740 	EXP 	line1: autoDraw = True
91.0740 	EXP 	line2: autoDraw = True
91.0740 	EXP 	line3: autoDraw = True
91.0740 	EXP 	line4: autoDraw = True
92.0743 	EXP 	probe: autoDraw = True
92.4585 	EXP 	New trial (rep=8, index=2): {'pos': 50, 'corr_resp': 'c'}
92.4602 	DATA 	Keypress: v
92.4734 	EXP 	fixation: autoDraw = False
92.4734 	EXP 	line1: autoDraw = False
92.4734 	EXP 	line2: autoDraw = False
92.4734 	EXP 	line3: autoDraw = False
92.4734 	EXP 	line4: autoDraw = False
92.4734 	EXP 	probe: autoDraw = False
92.4734 	EXP 	fixation: autoDraw = True
93.4736 	EXP 	fixation: autoDraw = False
93.4736 	EXP 	line1: autoDraw = True
93.4736 	EXP 	line2: autoDraw = True
93.4736 	EXP 	line3: autoDraw = True
93.4736 	EXP 	line4: autoDraw = True
94.4574 	EXP 	probe: autoDraw = True
94.9084 	EXP 	New trial (rep=8, index=3): {'pos': -150, 'corr_resp': 'z'}
94.9100 	DATA 	Keypress: c
94.9234 	EXP 	fixation: autoDraw = False
94.9234 	EXP 	line1: autoDraw = False
94.9234 	EXP 	line2: autoDraw = False
94.9234 	EXP 	line3: autoDraw = False
94.9234 	EXP 	line4: autoDraw = False
94.9234 	EXP 	probe: autoDraw = False
94.9234 	EXP 	fixation: autoDraw = True
95.9235 	EXP 	fixation: autoDraw = False
95.9235 	EXP 	line1: autoDraw = True
95.9235 	EXP 	line2: autoDraw = True
95.9235 	EXP 	line3: autoDraw = True
95.9235 	EXP 	line4: autoDraw = True
96.9239 	EXP 	probe: autoDraw = True
97.3928 	EXP 	New trial (rep=9, index=0): {'pos': -50, 'corr_resp': 'x'}
97.3943 	DATA 	Keypress: z
97.4068 	EXP 	fixation: autoDraw = False
97.4068 	EXP 	line1: autoDraw = False
97.4068 	EXP 	line2: autoDraw = False
97.4068 	EXP 	line3: autoDraw = False
97.4068 	EXP 	line4: autoDraw = False
97.4068 	EXP 	probe: autoDraw = False
97.4068 	EXP 	fixation: autoDraw = True
98.4073 	EXP 	fixation: autoDraw = False
98.4073 	EXP 	line1: autoDraw = True
98.4073 	EXP 	line2: autoDraw = True
98.4073 	EXP 	line3: autoDraw = True
98.4073 	EXP 	line4: autoDraw = True
99.4074 	EXP 	probe: autoDraw = True
99.8591 	EXP 	New trial (rep=9, index=1): {'pos': 150, 'corr_resp': 'v'}
99.8609 	DATA 	Keypress: x
99.8741 	EXP 	fixation: autoDraw = False
99.8741 	EXP 	line1: autoDraw = False
99.8741 	EXP 	line2: autoDraw = False
99.8741 	EXP 	line3: autoDraw = False
99.8741 	EXP 	line4: autoDraw = False
99.8741 	EXP 	probe: autoDraw = False
99.8741 	EXP 	fixation: autoDraw = True
100.8736 	EXP 	fixation: autoDraw = False
100.8736 	EXP 	line1: autoDraw = True
100.8736 	EXP 	line2: autoDraw = True
100.8736 	EXP 	line3: autoDraw = True
100.8736 	EXP 	line4: autoDraw = True
101.8739 	EXP 	probe: autoDraw = True
102.3262 	EXP 	New trial (rep=9, index=2): {'pos': 50, 'corr_resp': 'c'}
102.3279 	DATA 	Keypress: v
102.3411 	EXP 	fixation: autoDraw = False
102.3411 	EXP 	line1: autoDraw = False
102.3411 	EXP 	line2: autoDraw = False
102.3411 	EXP 	line3: autoDraw = False
102.3411 	EXP 	line4: autoDraw = False
102.3411 	EXP 	probe: autoDraw = False
102.3411 	EXP 	fixation: autoDraw = True
103.3250 	EXP 	line1: autoDraw = True
103.3250 	EXP 	line2: autoDraw = True
103.3250 	EXP 	line3: autoDraw = True
103.3250 	EXP 	line4: autoDraw = True
103.3416 	EXP 	fixation: autoDraw = False
104.3251 	EXP 	probe: autoDraw = True
104.8107 	EXP 	New trial (rep=9, index=3): {'pos': -150, 'corr_resp': 'z'}
104.8125 	DATA 	Keypress: c
104.8257 	EXP 	fixation: autoDraw = False
104.8257 	EXP 	line1: autoDraw = False
104.8257 	EXP 	line2: autoDraw = False
104.8257 	EXP 	line3: autoDraw = False
104.8257 	EXP 	line4: autoDraw = False
104.8257 	EXP 	probe: autoDraw = False
104.8257 	EXP 	fixation: autoDraw = True
105.8256 	EXP 	fixation: autoDraw = False
105.8256 	EXP 	line1: autoDraw = True
105.8256 	EXP 	line2: autoDraw = True
105.8256 	EXP 	line3: autoDraw = True
105.8256 	EXP 	line4: autoDraw = True
106.8251 	EXP 	probe: autoDraw = True
107.1932 	EXP 	New trial (rep=10, index=0): {'pos': -50, 'corr_resp': 'x'}
107.1947 	DATA 	Keypress: z
107.2084 	EXP 	fixation: autoDraw = False
107.2084 	EXP 	line1: autoDraw = False
107.2084 	EXP 	line2: autoDraw = False
107.2084 	EXP 	line3: autoDraw = False
107.2084 	EXP 	line4: autoDraw = False
107.2084 	EXP 	probe: autoDraw = False
107.2084 	EXP 	fixation: autoDraw = True
108.1927 	EXP 	line1: autoDraw = True
108.1927 	EXP 	line2: autoDraw = True
108.1927 	EXP 	line3: autoDraw = True
108.1927 	EXP 	line4: autoDraw = True
108.2086 	EXP 	fixation: autoDraw = False
109.2086 	EXP 	probe: autoDraw = True
109.8268 	EXP 	New trial (rep=10, index=1): {'pos': 150, 'corr_resp': 'v'}
109.8286 	DATA 	Keypress: x
109.8418 	EXP 	fixation: autoDraw = False
109.8418 	EXP 	line1: autoDraw = False
109.8418 	EXP 	line2: autoDraw = False
109.8418 	EXP 	line3: autoDraw = False
109.8418 	EXP 	line4: autoDraw = False
109.8418 	EXP 	probe: autoDraw = False
109.8418 	EXP 	fixation: autoDraw = True
110.8416 	EXP 	fixation: autoDraw = False
110.8416 	EXP 	line1: autoDraw = True
110.8416 	EXP 	line2: autoDraw = True
110.8416 	EXP 	line3: autoDraw = True
110.8416 	EXP 	line4: autoDraw = True
111.8420 	EXP 	probe: autoDraw = True
112.3269 	EXP 	New trial (rep=10, index=2): {'pos': 50, 'corr_resp': 'c'}
112.3287 	DATA 	Keypress: v
112.3420 	EXP 	fixation: autoDraw = False
112.3420 	EXP 	line1: autoDraw = False
112.3420 	EXP 	line2: autoDraw = False
112.3420 	EXP 	line3: autoDraw = False
112.3420 	EXP 	line4: autoDraw = False
112.3420 	EXP 	probe: autoDraw = False
112.3420 	EXP 	fixation: autoDraw = True
113.3418 	EXP 	fixation: autoDraw = False
113.3418 	EXP 	line1: autoDraw = True
113.3418 	EXP 	line2: autoDraw = True
113.3418 	EXP 	line3: autoDraw = True
113.3418 	EXP 	line4: autoDraw = True
114.3420 	EXP 	probe: autoDraw = True
114.7272 	EXP 	New trial (rep=10, index=3): {'pos': -150, 'corr_resp': 'z'}
114.7290 	DATA 	Keypress: c
114.7425 	EXP 	fixation: autoDraw = False
114.7425 	EXP 	line1: autoDraw = False
114.7425 	EXP 	line2: autoDraw = False
114.7425 	EXP 	line3: autoDraw = False
114.7425 	EXP 	line4: autoDraw = False
114.7425 	EXP 	probe: autoDraw = False
114.7425 	EXP 	fixation: autoDraw = True
115.7419 	EXP 	fixation: autoDraw = False
115.7419 	EXP 	line1: autoDraw = True
115.7419 	EXP 	line2: autoDraw = True
115.7419 	EXP 	line3: autoDraw = True
115.7419 	EXP 	line4: autoDraw = True
116.7417 	EXP 	probe: autoDraw = True
117.2769 	EXP 	New trial (rep=11, index=0): {'pos': -50, 'corr_resp': 'x'}
117.2790 	DATA 	Keypress: x
117.2923 	EXP 	fixation: autoDraw = False
117.2923 	EXP 	line1: autoDraw = False
117.2923 	EXP 	line2: autoDraw = False
117.2923 	EXP 	line3: autoDraw = False
117.2923 	EXP 	line4: autoDraw = False
117.2923 	EXP 	probe: autoDraw = False
117.2923 	EXP 	fixation: autoDraw = True
118.2919 	EXP 	fixation: autoDraw = False
118.2919 	EXP 	line1: autoDraw = True
118.2919 	EXP 	line2: autoDraw = True
118.2919 	EXP 	line3: autoDraw = True
118.2919 	EXP 	line4: autoDraw = True
119.2919 	EXP 	probe: autoDraw = True
119.8435 	EXP 	New trial (rep=11, index=1): {'pos': 150, 'corr_resp': 'v'}
119.8452 	DATA 	Keypress: x
119.8584 	EXP 	fixation: autoDraw = False
119.8584 	EXP 	line1: autoDraw = False
119.8584 	EXP 	line2: autoDraw = False
119.8584 	EXP 	line3: autoDraw = False
119.8584 	EXP 	line4: autoDraw = False
119.8584 	EXP 	probe: autoDraw = False
119.8584 	EXP 	fixation: autoDraw = True
120.8590 	EXP 	fixation: autoDraw = False
120.8590 	EXP 	line1: autoDraw = True
120.8590 	EXP 	line2: autoDraw = True
120.8590 	EXP 	line3: autoDraw = True
120.8590 	EXP 	line4: autoDraw = True
121.8587 	EXP 	probe: autoDraw = True
122.4599 	EXP 	New trial (rep=11, index=2): {'pos': 50, 'corr_resp': 'c'}
122.4615 	DATA 	Keypress: v
122.4750 	EXP 	fixation: autoDraw = False
122.4750 	EXP 	line1: autoDraw = False
122.4750 	EXP 	line2: autoDraw = False
122.4750 	EXP 	line3: autoDraw = False
122.4750 	EXP 	line4: autoDraw = False
122.4750 	EXP 	probe: autoDraw = False
122.4750 	EXP 	fixation: autoDraw = True
123.4749 	EXP 	fixation: autoDraw = False
123.4749 	EXP 	line1: autoDraw = True
123.4749 	EXP 	line2: autoDraw = True
123.4749 	EXP 	line3: autoDraw = True
123.4749 	EXP 	line4: autoDraw = True
124.4752 	EXP 	probe: autoDraw = True
124.8302 	DATA 	Keypress: c
124.8433 	EXP 	New trial (rep=11, index=3): {'pos': -150, 'corr_resp': 'z'}
124.8587 	EXP 	fixation: autoDraw = False
124.8587 	EXP 	line1: autoDraw = False
124.8587 	EXP 	line2: autoDraw = False
124.8587 	EXP 	line3: autoDraw = False
124.8587 	EXP 	line4: autoDraw = False
124.8587 	EXP 	probe: autoDraw = False
124.8587 	EXP 	fixation: autoDraw = True
125.8585 	EXP 	fixation: autoDraw = False
125.8585 	EXP 	line1: autoDraw = True
125.8585 	EXP 	line2: autoDraw = True
125.8585 	EXP 	line3: autoDraw = True
125.8585 	EXP 	line4: autoDraw = True
126.8584 	EXP 	probe: autoDraw = True
127.1648 	EXP 	Imported sequence_con.xlsx as conditions, 4 conditions, 2 params
127.1653 	EXP 	Created sequence: fullRandom, trialTypes=4, nReps=12, seed=None
127.1655 	EXP 	New trial (rep=0, index=0): {'pos': 50, 'corr_resp': 'c'}
127.1673 	DATA 	Keypress: z
127.1747 	EXP 	fixation: autoDraw = False
127.1747 	EXP 	line1: autoDraw = False
127.1747 	EXP 	line2: autoDraw = False
127.1747 	EXP 	line3: autoDraw = False
127.1747 	EXP 	line4: autoDraw = False
127.1747 	EXP 	probe: autoDraw = False
127.1747 	EXP 	fixation: autoDraw = True
128.1753 	EXP 	fixation: autoDraw = False
128.1753 	EXP 	line1: autoDraw = True
128.1753 	EXP 	line2: autoDraw = True
128.1753 	EXP 	line3: autoDraw = True
128.1753 	EXP 	line4: autoDraw = True
129.1751 	EXP 	probe: autoDraw = True
129.7463 	DATA 	Keypress: c
129.7605 	EXP 	New trial (rep=0, index=1): {'pos': 150, 'corr_resp': 'v'}
129.7753 	EXP 	fixation: autoDraw = False
129.7753 	EXP 	line1: autoDraw = False
129.7753 	EXP 	line2: autoDraw = False
129.7753 	EXP 	line3: autoDraw = False
129.7753 	EXP 	line4: autoDraw = False
129.7753 	EXP 	probe: autoDraw = False
129.7753 	EXP 	fixation: autoDraw = True
130.7755 	EXP 	fixation: autoDraw = False
130.7755 	EXP 	line1: autoDraw = True
130.7755 	EXP 	line2: autoDraw = True
130.7755 	EXP 	line3: autoDraw = True
130.7755 	EXP 	line4: autoDraw = True
131.7747 	EXP 	probe: autoDraw = True
132.3268 	EXP 	New trial (rep=0, index=2): {'pos': 150, 'corr_resp': 'v'}
132.3286 	DATA 	Keypress: v
132.3417 	EXP 	fixation: autoDraw = False
132.3417 	EXP 	line1: autoDraw = False
132.3417 	EXP 	line2: autoDraw = False
132.3417 	EXP 	line3: autoDraw = False
132.3417 	EXP 	line4: autoDraw = False
132.3417 	EXP 	probe: autoDraw = False
132.3417 	EXP 	fixation: autoDraw = True
133.3416 	EXP 	fixation: autoDraw = False
133.3416 	EXP 	line1: autoDraw = True
133.3416 	EXP 	line2: autoDraw = True
133.3416 	EXP 	line3: autoDraw = True
133.3416 	EXP 	line4: autoDraw = True
134.3414 	EXP 	probe: autoDraw = True
134.7934 	EXP 	New trial (rep=0, index=3): {'pos': -150, 'corr_resp': 'z'}
134.7952 	DATA 	Keypress: v
134.8081 	EXP 	fixation: autoDraw = False
134.8081 	EXP 	line1: autoDraw = False
134.8081 	EXP 	line2: autoDraw = False
134.8081 	EXP 	line3: autoDraw = False
134.8081 	EXP 	line4: autoDraw = False
134.8081 	EXP 	probe: autoDraw = False
134.8081 	EXP 	fixation: autoDraw = True
135.8080 	EXP 	fixation: autoDraw = False
135.8080 	EXP 	line1: autoDraw = True
135.8080 	EXP 	line2: autoDraw = True
135.8080 	EXP 	line3: autoDraw = True
135.8080 	EXP 	line4: autoDraw = True
136.8083 	EXP 	probe: autoDraw = True
137.2431 	EXP 	New trial (rep=1, index=0): {'pos': -50, 'corr_resp': 'x'}
137.2448 	DATA 	Keypress: z
137.2585 	EXP 	fixation: autoDraw = False
137.2585 	EXP 	line1: autoDraw = False
137.2585 	EXP 	line2: autoDraw = False
137.2585 	EXP 	line3: autoDraw = False
137.2585 	EXP 	line4: autoDraw = False
137.2585 	EXP 	probe: autoDraw = False
137.2585 	EXP 	fixation: autoDraw = True
138.2585 	EXP 	fixation: autoDraw = False
138.2585 	EXP 	line1: autoDraw = True
138.2585 	EXP 	line2: autoDraw = True
138.2585 	EXP 	line3: autoDraw = True
138.2585 	EXP 	line4: autoDraw = True
139.2580 	EXP 	probe: autoDraw = True
139.6434 	EXP 	New trial (rep=1, index=1): {'pos': -50, 'corr_resp': 'x'}
139.6451 	DATA 	Keypress: x
139.6580 	EXP 	fixation: autoDraw = False
139.6580 	EXP 	line1: autoDraw = False
139.6580 	EXP 	line2: autoDraw = False
139.6580 	EXP 	line3: autoDraw = False
139.6580 	EXP 	line4: autoDraw = False
139.6580 	EXP 	probe: autoDraw = False
139.6580 	EXP 	fixation: autoDraw = True
140.6581 	EXP 	fixation: autoDraw = False
140.6581 	EXP 	line1: autoDraw = True
140.6581 	EXP 	line2: autoDraw = True
140.6581 	EXP 	line3: autoDraw = True
140.6581 	EXP 	line4: autoDraw = True
141.6585 	EXP 	probe: autoDraw = True
142.1433 	EXP 	New trial (rep=1, index=2): {'pos': -50, 'corr_resp': 'x'}
142.1450 	DATA 	Keypress: x
142.1582 	EXP 	fixation: autoDraw = False
142.1582 	EXP 	line1: autoDraw = False
142.1582 	EXP 	line2: autoDraw = False
142.1582 	EXP 	line3: autoDraw = False
142.1582 	EXP 	line4: autoDraw = False
142.1582 	EXP 	probe: autoDraw = False
142.1582 	EXP 	fixation: autoDraw = True
143.1580 	EXP 	fixation: autoDraw = False
143.1580 	EXP 	line1: autoDraw = True
143.1580 	EXP 	line2: autoDraw = True
143.1580 	EXP 	line3: autoDraw = True
143.1580 	EXP 	line4: autoDraw = True
144.1578 	EXP 	probe: autoDraw = True
144.5762 	EXP 	New trial (rep=1, index=3): {'pos': -50, 'corr_resp': 'x'}
144.5777 	DATA 	Keypress: x
144.5912 	EXP 	fixation: autoDraw = False
144.5912 	EXP 	line1: autoDraw = False
144.5912 	EXP 	line2: autoDraw = False
144.5912 	EXP 	line3: autoDraw = False
144.5912 	EXP 	line4: autoDraw = False
144.5912 	EXP 	probe: autoDraw = False
144.5912 	EXP 	fixation: autoDraw = True
145.5752 	EXP 	line1: autoDraw = True
145.5752 	EXP 	line2: autoDraw = True
145.5752 	EXP 	line3: autoDraw = True
145.5752 	EXP 	line4: autoDraw = True
145.5913 	EXP 	fixation: autoDraw = False
146.5916 	EXP 	probe: autoDraw = True
147.0429 	EXP 	New trial (rep=2, index=0): {'pos': 150, 'corr_resp': 'v'}
147.0444 	DATA 	Keypress: x
147.0583 	EXP 	fixation: autoDraw = False
147.0583 	EXP 	line1: autoDraw = False
147.0583 	EXP 	line2: autoDraw = False
147.0583 	EXP 	line3: autoDraw = False
147.0583 	EXP 	line4: autoDraw = False
147.0583 	EXP 	probe: autoDraw = False
147.0583 	EXP 	fixation: autoDraw = True
148.0417 	EXP 	line1: autoDraw = True
148.0417 	EXP 	line2: autoDraw = True
148.0417 	EXP 	line3: autoDraw = True
148.0417 	EXP 	line4: autoDraw = True
148.0585 	EXP 	fixation: autoDraw = False
149.0578 	EXP 	probe: autoDraw = True
149.8456 	DATA 	Keypress: v
149.8592 	EXP 	New trial (rep=2, index=1): {'pos': 50, 'corr_resp': 'c'}
149.8748 	EXP 	fixation: autoDraw = False
149.8748 	EXP 	line1: autoDraw = False
149.8748 	EXP 	line2: autoDraw = False
149.8748 	EXP 	line3: autoDraw = False
149.8748 	EXP 	line4: autoDraw = False
149.8748 	EXP 	probe: autoDraw = False
149.8748 	EXP 	fixation: autoDraw = True
150.8751 	EXP 	fixation: autoDraw = False
150.8751 	EXP 	line1: autoDraw = True
150.8751 	EXP 	line2: autoDraw = True
150.8751 	EXP 	line3: autoDraw = True
150.8751 	EXP 	line4: autoDraw = True
151.8744 	EXP 	probe: autoDraw = True
152.4592 	EXP 	New trial (rep=2, index=2): {'pos': 150, 'corr_resp': 'v'}
152.4607 	DATA 	Keypress: c
152.4743 	EXP 	fixation: autoDraw = False
152.4743 	EXP 	line1: autoDraw = False
152.4743 	EXP 	line2: autoDraw = False
152.4743 	EXP 	line3: autoDraw = False
152.4743 	EXP 	line4: autoDraw = False
152.4743 	EXP 	probe: autoDraw = False
152.4743 	EXP 	fixation: autoDraw = True
153.4743 	EXP 	fixation: autoDraw = False
153.4743 	EXP 	line1: autoDraw = True
153.4743 	EXP 	line2: autoDraw = True
153.4743 	EXP 	line3: autoDraw = True
153.4743 	EXP 	line4: autoDraw = True
154.4744 	EXP 	probe: autoDraw = True
155.1758 	EXP 	New trial (rep=2, index=3): {'pos': -50, 'corr_resp': 'x'}
155.1775 	DATA 	Keypress: v
155.1911 	EXP 	fixation: autoDraw = False
155.1911 	EXP 	line1: autoDraw = False
155.1911 	EXP 	line2: autoDraw = False
155.1911 	EXP 	line3: autoDraw = False
155.1911 	EXP 	line4: autoDraw = False
155.1911 	EXP 	probe: autoDraw = False
155.1911 	EXP 	fixation: autoDraw = True
156.1911 	EXP 	fixation: autoDraw = False
156.1911 	EXP 	line1: autoDraw = True
156.1911 	EXP 	line2: autoDraw = True
156.1911 	EXP 	line3: autoDraw = True
156.1911 	EXP 	line4: autoDraw = True
157.1910 	EXP 	probe: autoDraw = True
157.6925 	EXP 	New trial (rep=3, index=0): {'pos': 150, 'corr_resp': 'v'}
157.6940 	DATA 	Keypress: x
157.7076 	EXP 	fixation: autoDraw = False
157.7076 	EXP 	line1: autoDraw = False
157.7076 	EXP 	line2: autoDraw = False
157.7076 	EXP 	line3: autoDraw = False
157.7076 	EXP 	line4: autoDraw = False
157.7076 	EXP 	probe: autoDraw = False
157.7076 	EXP 	fixation: autoDraw = True
158.7076 	EXP 	fixation: autoDraw = False
158.7076 	EXP 	line1: autoDraw = True
158.7076 	EXP 	line2: autoDraw = True
158.7076 	EXP 	line3: autoDraw = True
158.7076 	EXP 	line4: autoDraw = True
159.7075 	EXP 	probe: autoDraw = True
160.2453 	DATA 	Keypress: v
160.2591 	EXP 	New trial (rep=3, index=1): {'pos': -150, 'corr_resp': 'z'}
160.2742 	EXP 	fixation: autoDraw = False
160.2742 	EXP 	line1: autoDraw = False
160.2742 	EXP 	line2: autoDraw = False
160.2742 	EXP 	line3: autoDraw = False
160.2742 	EXP 	line4: autoDraw = False
160.2742 	EXP 	probe: autoDraw = False
160.2742 	EXP 	fixation: autoDraw = True
161.2747 	EXP 	fixation: autoDraw = False
161.2747 	EXP 	line1: autoDraw = True
161.2747 	EXP 	line2: autoDraw = True
161.2747 	EXP 	line3: autoDraw = True
161.2747 	EXP 	line4: autoDraw = True
162.2578 	EXP 	probe: autoDraw = True
162.7762 	EXP 	New trial (rep=3, index=2): {'pos': -150, 'corr_resp': 'z'}
162.7780 	DATA 	Keypress: z
162.7913 	EXP 	fixation: autoDraw = False
162.7913 	EXP 	line1: autoDraw = False
162.7913 	EXP 	line2: autoDraw = False
162.7913 	EXP 	line3: autoDraw = False
162.7913 	EXP 	line4: autoDraw = False
162.7913 	EXP 	probe: autoDraw = False
162.7913 	EXP 	fixation: autoDraw = True
163.7909 	EXP 	fixation: autoDraw = False
163.7909 	EXP 	line1: autoDraw = True
163.7909 	EXP 	line2: autoDraw = True
163.7909 	EXP 	line3: autoDraw = True
163.7909 	EXP 	line4: autoDraw = True
164.7914 	EXP 	probe: autoDraw = True
165.4257 	EXP 	New trial (rep=3, index=3): {'pos': 50, 'corr_resp': 'c'}
165.4272 	DATA 	Keypress: z
165.4409 	EXP 	fixation: autoDraw = False
165.4409 	EXP 	line1: autoDraw = False
165.4409 	EXP 	line2: autoDraw = False
165.4409 	EXP 	line3: autoDraw = False
165.4409 	EXP 	line4: autoDraw = False
165.4409 	EXP 	probe: autoDraw = False
165.4409 	EXP 	fixation: autoDraw = True
166.4410 	EXP 	fixation: autoDraw = False
166.4410 	EXP 	line1: autoDraw = True
166.4410 	EXP 	line2: autoDraw = True
166.4410 	EXP 	line3: autoDraw = True
166.4410 	EXP 	line4: autoDraw = True
167.4409 	EXP 	probe: autoDraw = True
168.0924 	EXP 	New trial (rep=4, index=0): {'pos': -50, 'corr_resp': 'x'}
168.0939 	DATA 	Keypress: c
168.1075 	EXP 	fixation: autoDraw = False
168.1075 	EXP 	line1: autoDraw = False
168.1075 	EXP 	line2: autoDraw = False
168.1075 	EXP 	line3: autoDraw = False
168.1075 	EXP 	line4: autoDraw = False
168.1075 	EXP 	probe: autoDraw = False
168.1075 	EXP 	fixation: autoDraw = True
169.1076 	EXP 	fixation: autoDraw = False
169.1076 	EXP 	line1: autoDraw = True
169.1076 	EXP 	line2: autoDraw = True
169.1076 	EXP 	line3: autoDraw = True
169.1076 	EXP 	line4: autoDraw = True
170.1075 	EXP 	probe: autoDraw = True
170.6925 	EXP 	New trial (rep=4, index=1): {'pos': 150, 'corr_resp': 'v'}
170.6940 	DATA 	Keypress: x
170.7076 	EXP 	fixation: autoDraw = False
170.7076 	EXP 	line1: autoDraw = False
170.7076 	EXP 	line2: autoDraw = False
170.7076 	EXP 	line3: autoDraw = False
170.7076 	EXP 	line4: autoDraw = False
170.7076 	EXP 	probe: autoDraw = False
170.7076 	EXP 	fixation: autoDraw = True
171.7076 	EXP 	fixation: autoDraw = False
171.7076 	EXP 	line1: autoDraw = True
171.7076 	EXP 	line2: autoDraw = True
171.7076 	EXP 	line3: autoDraw = True
171.7076 	EXP 	line4: autoDraw = True
172.7075 	EXP 	probe: autoDraw = True
173.5259 	EXP 	New trial (rep=4, index=2): {'pos': -50, 'corr_resp': 'x'}
173.5275 	DATA 	Keypress: v
173.5409 	EXP 	fixation: autoDraw = False
173.5409 	EXP 	line1: autoDraw = False
173.5409 	EXP 	line2: autoDraw = False
173.5409 	EXP 	line3: autoDraw = False
173.5409 	EXP 	line4: autoDraw = False
173.5409 	EXP 	probe: autoDraw = False
173.5409 	EXP 	fixation: autoDraw = True
174.5420 	EXP 	fixation: autoDraw = False
174.5420 	EXP 	line1: autoDraw = True
174.5420 	EXP 	line2: autoDraw = True
174.5420 	EXP 	line3: autoDraw = True
174.5420 	EXP 	line4: autoDraw = True
175.5409 	EXP 	probe: autoDraw = True
176.1259 	EXP 	New trial (rep=4, index=3): {'pos': 50, 'corr_resp': 'c'}
176.1274 	DATA 	Keypress: x
176.1407 	EXP 	fixation: autoDraw = False
176.1407 	EXP 	line1: autoDraw = False
176.1407 	EXP 	line2: autoDraw = False
176.1407 	EXP 	line3: autoDraw = False
176.1407 	EXP 	line4: autoDraw = False
176.1407 	EXP 	probe: autoDraw = False
176.1407 	EXP 	fixation: autoDraw = True
177.1408 	EXP 	fixation: autoDraw = False
177.1408 	EXP 	line1: autoDraw = True
177.1408 	EXP 	line2: autoDraw = True
177.1408 	EXP 	line3: autoDraw = True
177.1408 	EXP 	line4: autoDraw = True
178.1407 	EXP 	probe: autoDraw = True
178.6924 	EXP 	New trial (rep=5, index=0): {'pos': -150, 'corr_resp': 'z'}
178.6943 	DATA 	Keypress: c
178.7074 	EXP 	fixation: autoDraw = False
178.7074 	EXP 	line1: autoDraw = False
178.7074 	EXP 	line2: autoDraw = False
178.7074 	EXP 	line3: autoDraw = False
178.7074 	EXP 	line4: autoDraw = False
178.7074 	EXP 	probe: autoDraw = False
178.7074 	EXP 	fixation: autoDraw = True
179.7075 	EXP 	fixation: autoDraw = False
179.7075 	EXP 	line1: autoDraw = True
179.7075 	EXP 	line2: autoDraw = True
179.7075 	EXP 	line3: autoDraw = True
179.7075 	EXP 	line4: autoDraw = True
180.7075 	EXP 	probe: autoDraw = True
181.2588 	EXP 	New trial (rep=5, index=1): {'pos': 150, 'corr_resp': 'v'}
181.2603 	DATA 	Keypress: z
181.2740 	EXP 	fixation: autoDraw = False
181.2740 	EXP 	line1: autoDraw = False
181.2740 	EXP 	line2: autoDraw = False
181.2740 	EXP 	line3: autoDraw = False
181.2740 	EXP 	line4: autoDraw = False
181.2740 	EXP 	probe: autoDraw = False
181.2740 	EXP 	fixation: autoDraw = True
182.2739 	EXP 	fixation: autoDraw = False
182.2739 	EXP 	line1: autoDraw = True
182.2739 	EXP 	line2: autoDraw = True
182.2739 	EXP 	line3: autoDraw = True
182.2739 	EXP 	line4: autoDraw = True
183.2740 	EXP 	probe: autoDraw = True
183.8952 	DATA 	Keypress: v
183.9091 	EXP 	New trial (rep=5, index=2): {'pos': 50, 'corr_resp': 'c'}
183.9240 	EXP 	fixation: autoDraw = False
183.9240 	EXP 	line1: autoDraw = False
183.9240 	EXP 	line2: autoDraw = False
183.9240 	EXP 	line3: autoDraw = False
183.9240 	EXP 	line4: autoDraw = False
183.9240 	EXP 	probe: autoDraw = False
183.9240 	EXP 	fixation: autoDraw = True
184.9238 	EXP 	fixation: autoDraw = False
184.9238 	EXP 	line1: autoDraw = True
184.9238 	EXP 	line2: autoDraw = True
184.9238 	EXP 	line3: autoDraw = True
184.9238 	EXP 	line4: autoDraw = True
185.9238 	EXP 	probe: autoDraw = True
186.6922 	EXP 	New trial (rep=5, index=3): {'pos': -150, 'corr_resp': 'z'}
186.6938 	DATA 	Keypress: c
186.7072 	EXP 	fixation: autoDraw = False
186.7072 	EXP 	line1: autoDraw = False
186.7072 	EXP 	line2: autoDraw = False
186.7072 	EXP 	line3: autoDraw = False
186.7072 	EXP 	line4: autoDraw = False
186.7072 	EXP 	probe: autoDraw = False
186.7072 	EXP 	fixation: autoDraw = True
187.7072 	EXP 	fixation: autoDraw = False
187.7072 	EXP 	line1: autoDraw = True
187.7072 	EXP 	line2: autoDraw = True
187.7072 	EXP 	line3: autoDraw = True
187.7072 	EXP 	line4: autoDraw = True
188.7073 	EXP 	probe: autoDraw = True
189.3286 	DATA 	Keypress: z
189.3421 	EXP 	New trial (rep=6, index=0): {'pos': 50, 'corr_resp': 'c'}
189.3571 	EXP 	fixation: autoDraw = False
189.3571 	EXP 	line1: autoDraw = False
189.3571 	EXP 	line2: autoDraw = False
189.3571 	EXP 	line3: autoDraw = False
189.3571 	EXP 	line4: autoDraw = False
189.3571 	EXP 	probe: autoDraw = False
189.3571 	EXP 	fixation: autoDraw = True
190.3574 	EXP 	fixation: autoDraw = False
190.3574 	EXP 	line1: autoDraw = True
190.3574 	EXP 	line2: autoDraw = True
190.3574 	EXP 	line3: autoDraw = True
190.3574 	EXP 	line4: autoDraw = True
191.3574 	EXP 	probe: autoDraw = True
192.1091 	EXP 	New trial (rep=6, index=1): {'pos': -150, 'corr_resp': 'z'}
192.1108 	DATA 	Keypress: c
192.1240 	EXP 	fixation: autoDraw = False
192.1240 	EXP 	line1: autoDraw = False
192.1240 	EXP 	line2: autoDraw = False
192.1240 	EXP 	line3: autoDraw = False
192.1240 	EXP 	line4: autoDraw = False
192.1240 	EXP 	probe: autoDraw = False
192.1240 	EXP 	fixation: autoDraw = True
193.1238 	EXP 	fixation: autoDraw = False
193.1238 	EXP 	line1: autoDraw = True
193.1238 	EXP 	line2: autoDraw = True
193.1238 	EXP 	line3: autoDraw = True
193.1238 	EXP 	line4: autoDraw = True
194.1240 	EXP 	probe: autoDraw = True
194.7112 	DATA 	Keypress: z
194.7256 	EXP 	New trial (rep=6, index=2): {'pos': 150, 'corr_resp': 'v'}
194.7406 	EXP 	fixation: autoDraw = False
194.7406 	EXP 	line1: autoDraw = False
194.7406 	EXP 	line2: autoDraw = False
194.7406 	EXP 	line3: autoDraw = False
194.7406 	EXP 	line4: autoDraw = False
194.7406 	EXP 	probe: autoDraw = False
194.7406 	EXP 	fixation: autoDraw = True
195.7405 	EXP 	fixation: autoDraw = False
195.7405 	EXP 	line1: autoDraw = True
195.7405 	EXP 	line2: autoDraw = True
195.7405 	EXP 	line3: autoDraw = True
195.7405 	EXP 	line4: autoDraw = True
196.7404 	EXP 	probe: autoDraw = True
197.4422 	EXP 	New trial (rep=6, index=3): {'pos': 150, 'corr_resp': 'v'}
197.4438 	DATA 	Keypress: v
197.4572 	EXP 	fixation: autoDraw = False
197.4572 	EXP 	line1: autoDraw = False
197.4572 	EXP 	line2: autoDraw = False
197.4572 	EXP 	line3: autoDraw = False
197.4572 	EXP 	line4: autoDraw = False
197.4572 	EXP 	probe: autoDraw = False
197.4572 	EXP 	fixation: autoDraw = True
198.4406 	EXP 	line1: autoDraw = True
198.4406 	EXP 	line2: autoDraw = True
198.4406 	EXP 	line3: autoDraw = True
198.4406 	EXP 	line4: autoDraw = True
198.4573 	EXP 	fixation: autoDraw = False
199.4573 	EXP 	probe: autoDraw = True
200.1118 	DATA 	Keypress: v
200.1254 	EXP 	New trial (rep=7, index=0): {'pos': -150, 'corr_resp': 'z'}
200.1405 	EXP 	fixation: autoDraw = False
200.1405 	EXP 	line1: autoDraw = False
200.1405 	EXP 	line2: autoDraw = False
200.1405 	EXP 	line3: autoDraw = False
200.1405 	EXP 	line4: autoDraw = False
200.1405 	EXP 	probe: autoDraw = False
200.1405 	EXP 	fixation: autoDraw = True
201.1405 	EXP 	fixation: autoDraw = False
201.1405 	EXP 	line1: autoDraw = True
201.1405 	EXP 	line2: autoDraw = True
201.1405 	EXP 	line3: autoDraw = True
201.1405 	EXP 	line4: autoDraw = True
202.1405 	EXP 	probe: autoDraw = True
202.5751 	EXP 	New trial (rep=7, index=1): {'pos': 150, 'corr_resp': 'v'}
202.5766 	DATA 	Keypress: z
202.5904 	EXP 	fixation: autoDraw = False
202.5904 	EXP 	line1: autoDraw = False
202.5904 	EXP 	line2: autoDraw = False
202.5904 	EXP 	line3: autoDraw = False
202.5904 	EXP 	line4: autoDraw = False
202.5904 	EXP 	probe: autoDraw = False
202.5904 	EXP 	fixation: autoDraw = True
203.5905 	EXP 	fixation: autoDraw = False
203.5905 	EXP 	line1: autoDraw = True
203.5905 	EXP 	line2: autoDraw = True
203.5905 	EXP 	line3: autoDraw = True
203.5905 	EXP 	line4: autoDraw = True
204.5739 	EXP 	probe: autoDraw = True
205.2591 	EXP 	New trial (rep=7, index=2): {'pos': 50, 'corr_resp': 'c'}
205.2607 	DATA 	Keypress: v
205.2738 	EXP 	fixation: autoDraw = False
205.2738 	EXP 	line1: autoDraw = False
205.2738 	EXP 	line2: autoDraw = False
205.2738 	EXP 	line3: autoDraw = False
205.2738 	EXP 	line4: autoDraw = False
205.2738 	EXP 	probe: autoDraw = False
205.2738 	EXP 	fixation: autoDraw = True
206.2736 	EXP 	fixation: autoDraw = False
206.2736 	EXP 	line1: autoDraw = True
206.2736 	EXP 	line2: autoDraw = True
206.2736 	EXP 	line3: autoDraw = True
206.2736 	EXP 	line4: autoDraw = True
207.2739 	EXP 	probe: autoDraw = True
207.9950 	DATA 	Keypress: c
208.0094 	EXP 	New trial (rep=7, index=3): {'pos': -150, 'corr_resp': 'z'}
208.0241 	EXP 	fixation: autoDraw = False
208.0241 	EXP 	line1: autoDraw = False
208.0241 	EXP 	line2: autoDraw = False
208.0241 	EXP 	line3: autoDraw = False
208.0241 	EXP 	line4: autoDraw = False
208.0241 	EXP 	probe: autoDraw = False
208.0241 	EXP 	fixation: autoDraw = True
209.0236 	EXP 	fixation: autoDraw = False
209.0236 	EXP 	line1: autoDraw = True
209.0236 	EXP 	line2: autoDraw = True
209.0236 	EXP 	line3: autoDraw = True
209.0236 	EXP 	line4: autoDraw = True
210.0241 	EXP 	probe: autoDraw = True
210.6921 	EXP 	New trial (rep=8, index=0): {'pos': -150, 'corr_resp': 'z'}
210.6936 	DATA 	Keypress: z
210.7069 	EXP 	fixation: autoDraw = False
210.7069 	EXP 	line1: autoDraw = False
210.7069 	EXP 	line2: autoDraw = False
210.7069 	EXP 	line3: autoDraw = False
210.7069 	EXP 	line4: autoDraw = False
210.7069 	EXP 	probe: autoDraw = False
210.7069 	EXP 	fixation: autoDraw = True
211.7070 	EXP 	fixation: autoDraw = False
211.7070 	EXP 	line1: autoDraw = True
211.7070 	EXP 	line2: autoDraw = True
211.7070 	EXP 	line3: autoDraw = True
211.7070 	EXP 	line4: autoDraw = True
212.7078 	EXP 	probe: autoDraw = True
213.3916 	EXP 	New trial (rep=8, index=1): {'pos': -150, 'corr_resp': 'z'}
213.3935 	DATA 	Keypress: z
213.4069 	EXP 	fixation: autoDraw = False
213.4069 	EXP 	line1: autoDraw = False
213.4069 	EXP 	line2: autoDraw = False
213.4069 	EXP 	line3: autoDraw = False
213.4069 	EXP 	line4: autoDraw = False
213.4069 	EXP 	probe: autoDraw = False
213.4069 	EXP 	fixation: autoDraw = True
214.3906 	EXP 	line1: autoDraw = True
214.3906 	EXP 	line2: autoDraw = True
214.3906 	EXP 	line3: autoDraw = True
214.3906 	EXP 	line4: autoDraw = True
214.4069 	EXP 	fixation: autoDraw = False
215.4068 	EXP 	probe: autoDraw = True
215.8586 	EXP 	New trial (rep=8, index=2): {'pos': -50, 'corr_resp': 'x'}
215.8600 	DATA 	Keypress: z
215.8736 	EXP 	fixation: autoDraw = False
215.8736 	EXP 	line1: autoDraw = False
215.8736 	EXP 	line2: autoDraw = False
215.8736 	EXP 	line3: autoDraw = False
215.8736 	EXP 	line4: autoDraw = False
215.8736 	EXP 	probe: autoDraw = False
215.8736 	EXP 	fixation: autoDraw = True
216.8735 	EXP 	fixation: autoDraw = False
216.8735 	EXP 	line1: autoDraw = True
216.8735 	EXP 	line2: autoDraw = True
216.8735 	EXP 	line3: autoDraw = True
216.8735 	EXP 	line4: autoDraw = True
217.8735 	EXP 	probe: autoDraw = True
218.4750 	EXP 	New trial (rep=8, index=3): {'pos': 50, 'corr_resp': 'c'}
218.4765 	DATA 	Keypress: x
218.4901 	EXP 	fixation: autoDraw = False
218.4901 	EXP 	line1: autoDraw = False
218.4901 	EXP 	line2: autoDraw = False
218.4901 	EXP 	line3: autoDraw = False
218.4901 	EXP 	line4: autoDraw = False
218.4901 	EXP 	probe: autoDraw = False
218.4901 	EXP 	fixation: autoDraw = True
219.4736 	EXP 	line1: autoDraw = True
219.4736 	EXP 	line2: autoDraw = True
219.4736 	EXP 	line3: autoDraw = True
219.4736 	EXP 	line4: autoDraw = True
219.4907 	EXP 	fixation: autoDraw = False
220.4905 	EXP 	probe: autoDraw = True
221.0248 	EXP 	New trial (rep=9, index=0): {'pos': 150, 'corr_resp': 'v'}
221.0265 	DATA 	Keypress: c
221.0405 	EXP 	fixation: autoDraw = False
221.0405 	EXP 	line1: autoDraw = False
221.0405 	EXP 	line2: autoDraw = False
221.0405 	EXP 	line3: autoDraw = False
221.0405 	EXP 	line4: autoDraw = False
221.0405 	EXP 	probe: autoDraw = False
221.0405 	EXP 	fixation: autoDraw = True
222.0403 	EXP 	fixation: autoDraw = False
222.0403 	EXP 	line1: autoDraw = True
222.0403 	EXP 	line2: autoDraw = True
222.0403 	EXP 	line3: autoDraw = True
222.0403 	EXP 	line4: autoDraw = True
223.0236 	EXP 	probe: autoDraw = True
223.7755 	EXP 	New trial (rep=9, index=1): {'pos': -50, 'corr_resp': 'x'}
223.7772 	DATA 	Keypress: v
223.7903 	EXP 	fixation: autoDraw = False
223.7903 	EXP 	line1: autoDraw = False
223.7903 	EXP 	line2: autoDraw = False
223.7903 	EXP 	line3: autoDraw = False
223.7903 	EXP 	line4: autoDraw = False
223.7903 	EXP 	probe: autoDraw = False
223.7903 	EXP 	fixation: autoDraw = True
224.7906 	EXP 	fixation: autoDraw = False
224.7906 	EXP 	line1: autoDraw = True
224.7906 	EXP 	line2: autoDraw = True
224.7906 	EXP 	line3: autoDraw = True
224.7906 	EXP 	line4: autoDraw = True
225.7903 	EXP 	probe: autoDraw = True
226.4757 	EXP 	New trial (rep=9, index=2): {'pos': 50, 'corr_resp': 'c'}
226.4774 	DATA 	Keypress: x
226.4901 	EXP 	fixation: autoDraw = False
226.4901 	EXP 	line1: autoDraw = False
226.4901 	EXP 	line2: autoDraw = False
226.4901 	EXP 	line3: autoDraw = False
226.4901 	EXP 	line4: autoDraw = False
226.4901 	EXP 	probe: autoDraw = False
226.4901 	EXP 	fixation: autoDraw = True
227.4903 	EXP 	fixation: autoDraw = False
227.4903 	EXP 	line1: autoDraw = True
227.4903 	EXP 	line2: autoDraw = True
227.4903 	EXP 	line3: autoDraw = True
227.4903 	EXP 	line4: autoDraw = True
228.4903 	EXP 	probe: autoDraw = True
229.0417 	EXP 	New trial (rep=9, index=3): {'pos': -50, 'corr_resp': 'x'}
229.0434 	DATA 	Keypress: c
229.0567 	EXP 	fixation: autoDraw = False
229.0567 	EXP 	line1: autoDraw = False
229.0567 	EXP 	line2: autoDraw = False
229.0567 	EXP 	line3: autoDraw = False
229.0567 	EXP 	line4: autoDraw = False
229.0567 	EXP 	probe: autoDraw = False
229.0567 	EXP 	fixation: autoDraw = True
230.0403 	EXP 	line1: autoDraw = True
230.0403 	EXP 	line2: autoDraw = True
230.0403 	EXP 	line3: autoDraw = True
230.0403 	EXP 	line4: autoDraw = True
230.0574 	EXP 	fixation: autoDraw = False
231.0570 	EXP 	probe: autoDraw = True
231.6928 	EXP 	New trial (rep=10, index=0): {'pos': -150, 'corr_resp': 'z'}
231.6948 	DATA 	Keypress: x
231.7069 	EXP 	fixation: autoDraw = False
231.7069 	EXP 	line1: autoDraw = False
231.7069 	EXP 	line2: autoDraw = False
231.7069 	EXP 	line3: autoDraw = False
231.7069 	EXP 	line4: autoDraw = False
231.7069 	EXP 	probe: autoDraw = False
231.7069 	EXP 	fixation: autoDraw = True
232.7072 	EXP 	fixation: autoDraw = False
232.7072 	EXP 	line1: autoDraw = True
232.7072 	EXP 	line2: autoDraw = True
232.7072 	EXP 	line3: autoDraw = True
232.7072 	EXP 	line4: autoDraw = True
233.7069 	EXP 	probe: autoDraw = True
234.2089 	EXP 	New trial (rep=10, index=1): {'pos': 50, 'corr_resp': 'c'}
234.2107 	DATA 	Keypress: z
234.2239 	EXP 	fixation: autoDraw = False
234.2239 	EXP 	line1: autoDraw = False
234.2239 	EXP 	line2: autoDraw = False
234.2239 	EXP 	line3: autoDraw = False
234.2239 	EXP 	line4: autoDraw = False
234.2239 	EXP 	probe: autoDraw = False
234.2239 	EXP 	fixation: autoDraw = True
235.2237 	EXP 	fixation: autoDraw = False
235.2237 	EXP 	line1: autoDraw = True
235.2237 	EXP 	line2: autoDraw = True
235.2237 	EXP 	line3: autoDraw = True
235.2237 	EXP 	line4: autoDraw = True
236.2234 	EXP 	probe: autoDraw = True
236.8083 	EXP 	New trial (rep=10, index=2): {'pos': -50, 'corr_resp': 'x'}
236.8101 	DATA 	Keypress: c
236.8236 	EXP 	fixation: autoDraw = False
236.8236 	EXP 	line1: autoDraw = False
236.8236 	EXP 	line2: autoDraw = False
236.8236 	EXP 	line3: autoDraw = False
236.8236 	EXP 	line4: autoDraw = False
236.8236 	EXP 	probe: autoDraw = False
236.8236 	EXP 	fixation: autoDraw = True
237.8241 	EXP 	fixation: autoDraw = False
237.8241 	EXP 	line1: autoDraw = True
237.8241 	EXP 	line2: autoDraw = True
237.8241 	EXP 	line3: autoDraw = True
237.8241 	EXP 	line4: autoDraw = True
238.8071 	EXP 	probe: autoDraw = True
239.3422 	EXP 	New trial (rep=10, index=3): {'pos': 50, 'corr_resp': 'c'}
239.3440 	DATA 	Keypress: x
239.3570 	EXP 	fixation: autoDraw = False
239.3570 	EXP 	line1: autoDraw = False
239.3570 	EXP 	line2: autoDraw = False
239.3570 	EXP 	line3: autoDraw = False
239.3570 	EXP 	line4: autoDraw = False
239.3570 	EXP 	probe: autoDraw = False
239.3570 	EXP 	fixation: autoDraw = True
240.3569 	EXP 	fixation: autoDraw = False
240.3569 	EXP 	line1: autoDraw = True
240.3569 	EXP 	line2: autoDraw = True
240.3569 	EXP 	line3: autoDraw = True
240.3569 	EXP 	line4: autoDraw = True
241.3565 	EXP 	probe: autoDraw = True
241.9254 	EXP 	New trial (rep=11, index=0): {'pos': -150, 'corr_resp': 'z'}
241.9271 	DATA 	Keypress: c
241.9403 	EXP 	fixation: autoDraw = False
241.9403 	EXP 	line1: autoDraw = False
241.9403 	EXP 	line2: autoDraw = False
241.9403 	EXP 	line3: autoDraw = False
241.9403 	EXP 	line4: autoDraw = False
241.9403 	EXP 	probe: autoDraw = False
241.9403 	EXP 	fixation: autoDraw = True
242.9404 	EXP 	fixation: autoDraw = False
242.9404 	EXP 	line1: autoDraw = True
242.9404 	EXP 	line2: autoDraw = True
242.9404 	EXP 	line3: autoDraw = True
242.9404 	EXP 	line4: autoDraw = True
243.9398 	EXP 	probe: autoDraw = True
244.7421 	EXP 	New trial (rep=11, index=1): {'pos': 50, 'corr_resp': 'c'}
244.7438 	DATA 	Keypress: z
244.7568 	EXP 	fixation: autoDraw = False
244.7568 	EXP 	line1: autoDraw = False
244.7568 	EXP 	line2: autoDraw = False
244.7568 	EXP 	line3: autoDraw = False
244.7568 	EXP 	line4: autoDraw = False
244.7568 	EXP 	probe: autoDraw = False
244.7568 	EXP 	fixation: autoDraw = True
245.7567 	EXP 	fixation: autoDraw = False
245.7567 	EXP 	line1: autoDraw = True
245.7567 	EXP 	line2: autoDraw = True
245.7567 	EXP 	line3: autoDraw = True
245.7567 	EXP 	line4: autoDraw = True
246.7565 	EXP 	probe: autoDraw = True
247.4086 	EXP 	New trial (rep=11, index=2): {'pos': -50, 'corr_resp': 'x'}
247.4103 	DATA 	Keypress: c
247.4232 	EXP 	fixation: autoDraw = False
247.4232 	EXP 	line1: autoDraw = False
247.4232 	EXP 	line2: autoDraw = False
247.4232 	EXP 	line3: autoDraw = False
247.4232 	EXP 	line4: autoDraw = False
247.4232 	EXP 	probe: autoDraw = False
247.4232 	EXP 	fixation: autoDraw = True
248.4231 	EXP 	fixation: autoDraw = False
248.4231 	EXP 	line1: autoDraw = True
248.4231 	EXP 	line2: autoDraw = True
248.4231 	EXP 	line3: autoDraw = True
248.4231 	EXP 	line4: autoDraw = True
249.4231 	EXP 	probe: autoDraw = True
249.9411 	EXP 	New trial (rep=11, index=3): {'pos': 150, 'corr_resp': 'v'}
249.9426 	DATA 	Keypress: x
249.9565 	EXP 	fixation: autoDraw = False
249.9565 	EXP 	line1: autoDraw = False
249.9565 	EXP 	line2: autoDraw = False
249.9565 	EXP 	line3: autoDraw = False
249.9565 	EXP 	line4: autoDraw = False
249.9565 	EXP 	probe: autoDraw = False
249.9565 	EXP 	fixation: autoDraw = True
250.9564 	EXP 	fixation: autoDraw = False
250.9564 	EXP 	line1: autoDraw = True
250.9564 	EXP 	line2: autoDraw = True
250.9564 	EXP 	line3: autoDraw = True
250.9564 	EXP 	line4: autoDraw = True
251.9563 	EXP 	probe: autoDraw = True
252.4590 	DATA 	Keypress: v
252.4729 	EXP 	fixation: autoDraw = False
252.4729 	EXP 	line1: autoDraw = False
252.4729 	EXP 	line2: autoDraw = False
252.4729 	EXP 	line3: autoDraw = False
252.4729 	EXP 	line4: autoDraw = False
252.4729 	EXP 	probe: autoDraw = False
252.5697 	EXP 	window1: mouseVisible = True
