11.0527 	WARNING 	User requested fullscreen with size [1280  800], but screen is actually [1920, 1200]. Using actual size
11.6895 	EXP 	Created window1 = Window(allowGUI=False, allowStencil=False, autoLog=True, backendConf=UNKNOWN, bitsMode=UNKNOWN, blendMode='avg', bpc=(8, 8, 8), color=array([0, 0, 0]), colorSpace='rgb', depthBits=8, fullscr=<method-wrapper '__getattribute__' of attributeSetter object at 0x000002A90AE8AAF0>, gamma=None, gammaErrorPolicy='raise', lms=UNKNOWN, monitor=<psychopy.monitors.calibTools.Monitor object at 0x000002A90BAF4550>, multiSample=False, name='window1', numSamples=2, pos=(0, 0), screen=0, size=array([1920, 1200]), stencilBits=0, stereo=False, units='height', useFBO=True, useRetina=False, viewOri=0.0, viewPos=None, viewScale=None, waitBlanking=True, winType='pyglet')
11.6899 	EXP 	window1: mouseVisible = True
11.6899 	EXP 	window1: Attempting to measure frame rate of screen (0) ...
11.6899 	EXP 	window1: recordFrameIntervals = False
11.8539 	EXP 	window1: recordFrameIntervals = True
12.0387 	EXP 	Screen (0) actual frame rate measured at 59.95Hz
12.0387 	EXP 	window1: recordFrameIntervals = False
13.8460 	EXP 	Created Fixation = ShapeStim(__class__=<class 'psychopy.visual.shape.ShapeStim'>, anchor=('center', 'center'), autoDraw=False, autoLog=True, closeShape=True, color=method-wrapper(...), colorSpace='rgb', contrast=None, depth=0.0, fillColor=array([1, 1, 1]), fillColorSpace='rgb', fillRGB=array([1, 1, 1]), interpolate=True, lineColor=array([1., 1., 1.]), lineColorSpace='rgb', lineRGB=array([1, 1, 1]), lineWidth=1.0, name='Fixation', opacity=1.0, ori=0.0, pos=array([0., 0.]), size=array([0.2, 0.2]), units='height', vertices=ndarray(...), win=Window(...), windingRule=None)
13.8507 	EXP 	Created polygon = ShapeStim(__class__=<class 'psychopy.visual.shape.ShapeStim'>, anchor=('center', 'center'), autoDraw=False, autoLog=True, closeShape=True, color=method-wrapper(...), colorSpace='rgb', contrast=None, depth=-1.0, fillColor=array([-1.    ,  0.0039, -1.    ]), fillColorSpace='rgb', fillRGB=array([-1.    ,  0.0039, -1.    ]), interpolate=True, lineColor=array([-1.    ,  0.0039, -1.    ]), lineColorSpace='rgb', lineRGB=array([-1.    ,  0.0039, -1.    ]), lineWidth=1.0, name='polygon', opacity=1.0, ori=0.0, pos=array([0., 0.]), size=array([0.2, 0.2]), units='height', vertices=ndarray(...), win=Window(...), windingRule=None)
14.3668 	EXP 	Sound sound_1 set volume 1.000
14.4421 	EXP 	Created text = TextStim(__class__=<class 'psychopy.visual.text.TextStim'>, alignHoriz=method-wrapper(...), alignText='center', alignVert=method-wrapper(...), anchorHoriz='center', anchorVert='center', antialias=True, autoDraw=False, autoLog=True, bold=False, color=array([1., 1., 1.]), colorSpace='rgb', contrast=1.0, depth=0.0, flipHoriz=False, flipVert=False, font='Open Sans', fontFiles=[], height=0.05, italic=False, languageStyle='LTR', name='text', opacity=1.0, ori=0.0, pos=array([0. , 0.3]), rgb=UNKNOWN, text=str(...), units='height', win=Window(...), wrapWidth=1)
14.4792 	EXP 	window1: mouseVisible = True
14.4860 	EXP 	Imported C:/Users/Samarth Parmar/OneDrive/Documents/PSY310- Lab in Psychology/ib_cons.xlsx as conditions, 12 conditions, 3 params
14.4866 	EXP 	Created sequence: random, trialTypes=12, nReps=5, seed=None
14.4869 	EXP 	New trial (rep=0, index=0): {'delay': 0.7, 'freq': 1000, 'condition': 'exp'}
14.5031 	EXP 	textbox: autoLog = True
14.5031 	EXP 	Fixation: autoDraw = True
19.5036 	EXP 	Fixation: autoDraw = False
21.4876 	EXP 	polygon: autoDraw = True
21.7409 	DATA 	Keypress: space
21.7526 	EXP 	Fixation: autoDraw = False
21.7526 	EXP 	polygon: autoDraw = False
22.4374 	EXP 	Sound sound_1 started
22.9050 	EXP 	Sound sound_1 stopped
22.9199 	EXP 	text: autoDraw = True
22.9199 	EXP 	textbox: autoDraw = True
25.1197 	DATA 	Keypress: 2
26.5935 	DATA 	Keypress: 0
26.8217 	DATA 	Keypress: 0
28.1097 	DATA 	Mouse: Left button down, pos=(870,239)
28.1231 	EXP 	New trial (rep=0, index=1): {'delay': 0.1, 'freq': 1000, 'condition': 'exp'}
28.1377 	EXP 	text: autoDraw = False
28.1377 	EXP 	textbox: autoDraw = False
28.1377 	EXP 	Fixation: autoDraw = True
28.3406 	DATA 	Mouse:  Left button up, pos=(870,239)
33.1381 	EXP 	Fixation: autoDraw = False
35.1218 	EXP 	polygon: autoDraw = True
35.8077 	DATA 	Keypress: space
35.8208 	EXP 	Fixation: autoDraw = False
35.8208 	EXP 	polygon: autoDraw = False
35.9047 	EXP 	Sound sound_1 started
36.3730 	EXP 	Sound sound_1 stopped
36.3862 	EXP 	text: autoDraw = True
36.3862 	EXP 	textbox: autoDraw = True
38.0698 	DATA 	Keypress: 5
38.3098 	DATA 	Keypress: 0
38.5058 	DATA 	Keypress: 0
39.2262 	DATA 	Keypress: backspace
39.4434 	DATA 	Keypress: backspace
39.6386 	DATA 	Keypress: backspace
40.7547 	DATA 	Keypress: 3
41.5532 	DATA 	Keypress: 0
41.7237 	DATA 	Keypress: 0
42.8865 	DATA 	Mouse: Left button down, pos=(836,232)
42.8882 	EXP 	New trial (rep=0, index=2): {'delay': 0.4, 'freq': 1000, 'condition': 'exp'}
42.9022 	EXP 	text: autoDraw = False
42.9022 	EXP 	textbox: autoDraw = False
42.9022 	EXP 	Fixation: autoDraw = True
43.1047 	DATA 	Mouse:  Left button up, pos=(836,232)
47.9021 	EXP 	Fixation: autoDraw = False
49.8860 	EXP 	polygon: autoDraw = True
51.4560 	DATA 	Keypress: space
51.4690 	EXP 	Fixation: autoDraw = False
51.4690 	EXP 	polygon: autoDraw = False
51.8532 	EXP 	Sound sound_1 started
52.3109 	EXP 	Sound sound_1 stopped
52.3216 	EXP 	text: autoDraw = True
52.3216 	EXP 	textbox: autoDraw = True
53.0556 	DATA 	Keypress: 6
53.5579 	DATA 	Keypress: backspace
54.7527 	DATA 	Keypress: 5
54.8700 	DATA 	Keypress: 0
55.0695 	DATA 	Keypress: 0
56.2578 	DATA 	Mouse: Left button down, pos=(872,305)
56.4907 	DATA 	Mouse:  Left button up, pos=(872,305)
57.0194 	DATA 	Mouse: Left button down, pos=(877,272)
57.0210 	EXP 	New trial (rep=0, index=3): {'delay': 0.4, 'freq': 400, 'condition': 'unexp'}
57.0358 	EXP 	text: autoDraw = False
57.0358 	EXP 	textbox: autoDraw = False
57.0358 	EXP 	Fixation: autoDraw = True
57.2545 	DATA 	Mouse:  Left button up, pos=(877,272)
62.0358 	EXP 	Fixation: autoDraw = False
64.0192 	EXP 	polygon: autoDraw = True
64.2723 	DATA 	Keypress: space
64.2855 	EXP 	Fixation: autoDraw = False
64.2855 	EXP 	polygon: autoDraw = False
64.6693 	EXP 	Sound sound_1 started
65.1424 	EXP 	Sound sound_1 reached end of file
65.1533 	EXP 	text: autoDraw = True
65.1533 	EXP 	textbox: autoDraw = True
65.8557 	DATA 	Keypress: 2
66.0219 	DATA 	Keypress: 0
66.2390 	DATA 	Keypress: 0
67.7720 	DATA 	Mouse: Left button down, pos=(952,272)
67.7735 	EXP 	New trial (rep=0, index=4): {'delay': 0.1, 'freq': 400, 'condition': 'unexp'}
67.7881 	EXP 	text: autoDraw = False
67.7881 	EXP 	textbox: autoDraw = False
67.7881 	EXP 	Fixation: autoDraw = True
67.9906 	DATA 	Mouse:  Left button up, pos=(952,272)
72.7884 	EXP 	Fixation: autoDraw = False
74.7717 	EXP 	polygon: autoDraw = True
75.4738 	DATA 	Keypress: space
75.4877 	EXP 	Fixation: autoDraw = False
75.4877 	EXP 	polygon: autoDraw = False
75.5721 	EXP 	Sound sound_1 started
76.0368 	EXP 	Sound sound_1 reached end of file
76.0520 	EXP 	text: autoDraw = True
76.0520 	EXP 	textbox: autoDraw = True
76.8246 	DATA 	Keypress: 2
77.1908 	DATA 	Keypress: 5
77.3357 	DATA 	Keypress: 0
79.6358 	DATA 	Mouse: Left button down, pos=(879,259)
79.6375 	EXP 	New trial (rep=0, index=5): {'delay': 0.4, 'freq': 1000, 'condition': 'exp'}
79.6526 	EXP 	text: autoDraw = False
79.6526 	EXP 	textbox: autoDraw = False
79.6526 	EXP 	Fixation: autoDraw = True
79.8532 	DATA 	Mouse:  Left button up, pos=(879,259)
84.6523 	EXP 	Fixation: autoDraw = False
86.6355 	EXP 	polygon: autoDraw = True
87.2394 	DATA 	Keypress: space
87.2522 	EXP 	Fixation: autoDraw = False
87.2522 	EXP 	polygon: autoDraw = False
87.6356 	EXP 	Sound sound_1 started
88.1004 	EXP 	Sound sound_1 reached end of file
88.1192 	EXP 	text: autoDraw = True
88.1192 	EXP 	textbox: autoDraw = True
88.5358 	DATA 	Keypress: 2
89.1022 	DATA 	Keypress: backspace
89.3747 	DATA 	Keypress: 3
89.8196 	DATA 	Keypress: backspace
89.9729 	DATA 	Keypress: 2
90.2908 	DATA 	Keypress: 5
90.4023 	DATA 	Keypress: 0
91.3570 	DATA 	Mouse: Left button down, pos=(823,273)
91.3708 	EXP 	New trial (rep=0, index=6): {'delay': 0.4, 'freq': 1000, 'condition': 'exp'}
91.3855 	EXP 	text: autoDraw = False
91.3855 	EXP 	textbox: autoDraw = False
91.3855 	EXP 	Fixation: autoDraw = True
91.5869 	DATA 	Mouse:  Left button up, pos=(823,273)
96.3859 	EXP 	Fixation: autoDraw = False
98.3683 	EXP 	polygon: autoDraw = True
99.4549 	DATA 	Keypress: space
99.4680 	EXP 	Fixation: autoDraw = False
99.4680 	EXP 	polygon: autoDraw = False
99.8519 	EXP 	Sound sound_1 started
100.3199 	EXP 	Sound sound_1 reached end of file
100.3355 	EXP 	text: autoDraw = True
100.3355 	EXP 	textbox: autoDraw = True
100.8401 	DATA 	Keypress: 6
101.3023 	DATA 	Keypress: 0
101.7517 	DATA 	Keypress: 0
102.8350 	DATA 	Keypress: backspace
103.0412 	DATA 	Keypress: backspace
103.2238 	DATA 	Keypress: backspace
103.7017 	DATA 	Keypress: 5
103.8183 	DATA 	Keypress: 0
104.0233 	DATA 	Keypress: 0
105.4517 	DATA 	Mouse: Left button down, pos=(847,249)
105.4531 	EXP 	New trial (rep=0, index=7): {'delay': 0.7, 'freq': 400, 'condition': 'unexp'}
105.4684 	EXP 	text: autoDraw = False
105.4684 	EXP 	textbox: autoDraw = False
105.4684 	EXP 	Fixation: autoDraw = True
105.6709 	DATA 	Mouse:  Left button up, pos=(847,249)
110.4684 	EXP 	Fixation: autoDraw = False
112.4518 	EXP 	polygon: autoDraw = True
114.0885 	DATA 	Keypress: space
114.1021 	EXP 	Fixation: autoDraw = False
114.1021 	EXP 	polygon: autoDraw = False
114.7850 	EXP 	Sound sound_1 started
115.2439 	EXP 	Sound sound_1 reached end of file
115.2540 	EXP 	text: autoDraw = True
115.2540 	EXP 	textbox: autoDraw = True
116.2273 	DATA 	Keypress: 5
116.4376 	DATA 	Keypress: 0
116.6428 	DATA 	Keypress: 0
117.3723 	DATA 	Keypress: backspace
117.5769 	DATA 	Keypress: backspace
117.8429 	DATA 	Keypress: backspace
118.2544 	DATA 	Keypress: 4
118.3682 	DATA 	Keypress: 0
118.6020 	DATA 	Keypress: 0
119.8087 	DATA 	Mouse: Left button down, pos=(911,284)
119.8226 	EXP 	New trial (rep=0, index=8): {'delay': 0.1, 'freq': 1000, 'condition': 'exp'}
119.8371 	EXP 	text: autoDraw = False
119.8371 	EXP 	textbox: autoDraw = False
119.8371 	EXP 	Fixation: autoDraw = True
120.0386 	DATA 	Mouse:  Left button up, pos=(911,284)
124.8378 	EXP 	Fixation: autoDraw = False
126.8207 	EXP 	polygon: autoDraw = True
127.1251 	DATA 	Keypress: space
127.1370 	EXP 	Fixation: autoDraw = False
127.1370 	EXP 	polygon: autoDraw = False
127.2205 	EXP 	Sound sound_1 started
127.6835 	EXP 	Sound sound_1 stopped
127.7011 	EXP 	text: autoDraw = True
127.7011 	EXP 	textbox: autoDraw = True
129.2908 	DATA 	Keypress: 2
129.5683 	DATA 	Keypress: 0
129.8016 	DATA 	Keypress: 0
131.2348 	DATA 	Mouse: Left button down, pos=(827,277)
131.2364 	EXP 	New trial (rep=0, index=9): {'delay': 0.7, 'freq': 1000, 'condition': 'exp'}
131.2512 	EXP 	text: autoDraw = False
131.2512 	EXP 	textbox: autoDraw = False
131.2512 	EXP 	Fixation: autoDraw = True
131.4536 	DATA 	Mouse:  Left button up, pos=(827,277)
136.2512 	EXP 	Fixation: autoDraw = False
138.2344 	EXP 	polygon: autoDraw = True
138.5377 	DATA 	Keypress: space
138.5509 	EXP 	Fixation: autoDraw = False
138.5509 	EXP 	polygon: autoDraw = False
139.2351 	EXP 	Sound sound_1 started
139.6966 	EXP 	Sound sound_1 stopped
139.7189 	EXP 	text: autoDraw = True
139.7189 	EXP 	textbox: autoDraw = True
140.8016 	DATA 	Keypress: 1
140.9680 	DATA 	Keypress: 0
141.1512 	DATA 	Keypress: 0
142.3184 	DATA 	Mouse: Left button down, pos=(899,248)
142.3198 	EXP 	New trial (rep=0, index=10): {'delay': 0.1, 'freq': 1000, 'condition': 'exp'}
142.3343 	EXP 	text: autoDraw = False
142.3343 	EXP 	textbox: autoDraw = False
142.3343 	EXP 	Fixation: autoDraw = True
142.5367 	DATA 	Mouse:  Left button up, pos=(899,248)
147.3347 	EXP 	Fixation: autoDraw = False
149.3179 	EXP 	polygon: autoDraw = True
149.5542 	DATA 	Keypress: space
149.5677 	EXP 	Fixation: autoDraw = False
149.5677 	EXP 	polygon: autoDraw = False
149.6514 	EXP 	Sound sound_1 started
150.1227 	EXP 	Sound sound_1 stopped
150.1342 	EXP 	text: autoDraw = True
150.1342 	EXP 	textbox: autoDraw = True
150.8346 	DATA 	Keypress: 1
151.0020 	DATA 	Keypress: 0
151.1681 	DATA 	Keypress: 0
152.2231 	DATA 	Mouse: Left button down, pos=(899,248)
152.2364 	EXP 	New trial (rep=0, index=11): {'delay': 0.7, 'freq': 1000, 'condition': 'exp'}
152.2512 	EXP 	text: autoDraw = False
152.2512 	EXP 	textbox: autoDraw = False
152.2512 	EXP 	Fixation: autoDraw = True
152.4531 	DATA 	Mouse:  Left button up, pos=(899,248)
157.2515 	EXP 	Fixation: autoDraw = False
159.2340 	EXP 	polygon: autoDraw = True
159.4536 	DATA 	Keypress: space
159.4677 	EXP 	Fixation: autoDraw = False
159.4677 	EXP 	polygon: autoDraw = False
160.1510 	EXP 	Sound sound_1 started
160.6141 	EXP 	Sound sound_1 reached end of file
160.6354 	EXP 	text: autoDraw = True
160.6354 	EXP 	textbox: autoDraw = True
161.8515 	DATA 	Keypress: 1
161.9879 	DATA 	Keypress: 0
162.1842 	DATA 	Keypress: 0
163.4387 	DATA 	Mouse: Left button down, pos=(935,224)
163.4525 	EXP 	New trial (rep=1, index=0): {'delay': 0.7, 'freq': 1000, 'condition': 'exp'}
163.4674 	EXP 	text: autoDraw = False
163.4674 	EXP 	textbox: autoDraw = False
163.4674 	EXP 	Fixation: autoDraw = True
163.6699 	DATA 	Mouse:  Left button up, pos=(935,224)
168.4671 	EXP 	Fixation: autoDraw = False
169.6690 	DATA 	Keypress: space
170.4506 	EXP 	polygon: autoDraw = True
170.7866 	DATA 	Keypress: space
170.8006 	EXP 	Fixation: autoDraw = False
170.8006 	EXP 	polygon: autoDraw = False
171.4839 	EXP 	Sound sound_1 started
171.9499 	EXP 	Sound sound_1 reached end of file
171.9673 	EXP 	text: autoDraw = True
171.9673 	EXP 	textbox: autoDraw = True
172.5845 	DATA 	Keypress: 1
172.7007 	DATA 	Keypress: 0
172.8850 	DATA 	Keypress: 0
174.4180 	DATA 	Mouse: Left button down, pos=(935,224)
174.4195 	EXP 	New trial (rep=1, index=1): {'delay': 0.7, 'freq': 400, 'condition': 'unexp'}
174.4340 	EXP 	text: autoDraw = False
174.4340 	EXP 	textbox: autoDraw = False
174.4340 	EXP 	Fixation: autoDraw = True
174.6358 	DATA 	Mouse:  Left button up, pos=(935,224)
179.4345 	EXP 	Fixation: autoDraw = False
181.4174 	EXP 	polygon: autoDraw = True
181.9031 	DATA 	Keypress: space
181.9173 	EXP 	Fixation: autoDraw = False
181.9173 	EXP 	polygon: autoDraw = False
182.6013 	EXP 	Sound sound_1 started
183.0646 	EXP 	Sound sound_1 stopped
183.0852 	EXP 	text: autoDraw = True
183.0852 	EXP 	textbox: autoDraw = True
184.3395 	DATA 	Keypress: 1
184.4846 	DATA 	Keypress: 0
184.7064 	DATA 	Keypress: 0
185.8013 	DATA 	Mouse: Left button down, pos=(875,235)
185.8028 	EXP 	New trial (rep=1, index=2): {'delay': 0.1, 'freq': 400, 'condition': 'unexp'}
185.8172 	EXP 	text: autoDraw = False
185.8172 	EXP 	textbox: autoDraw = False
185.8172 	EXP 	Fixation: autoDraw = True
186.0188 	DATA 	Mouse:  Left button up, pos=(875,235)
190.8171 	EXP 	Fixation: autoDraw = False
192.8001 	EXP 	polygon: autoDraw = True
193.3534 	DATA 	Keypress: space
193.3671 	EXP 	Fixation: autoDraw = False
193.3671 	EXP 	polygon: autoDraw = False
193.4504 	EXP 	Sound sound_1 started
193.9198 	EXP 	Sound sound_1 reached end of file
193.9344 	EXP 	text: autoDraw = True
193.9344 	EXP 	textbox: autoDraw = True
195.0841 	DATA 	Keypress: 1
195.1898 	DATA 	Keypress: 0
195.3737 	DATA 	Keypress: 0
196.4391 	DATA 	Mouse: Left button down, pos=(875,235)
196.4521 	EXP 	New trial (rep=1, index=3): {'delay': 0.4, 'freq': 1000, 'condition': 'exp'}
196.4670 	EXP 	text: autoDraw = False
196.4670 	EXP 	textbox: autoDraw = False
196.4670 	EXP 	Fixation: autoDraw = True
196.6523 	DATA 	Mouse:  Left button up, pos=(875,235)
201.4671 	EXP 	Fixation: autoDraw = False
203.4511 	EXP 	polygon: autoDraw = True
203.9869 	DATA 	Keypress: space
204.0005 	EXP 	Fixation: autoDraw = False
204.0005 	EXP 	polygon: autoDraw = False
204.3841 	EXP 	Sound sound_1 started
204.8524 	EXP 	Sound sound_1 stopped
204.8673 	EXP 	text: autoDraw = True
204.8673 	EXP 	textbox: autoDraw = True
205.4680 	DATA 	Keypress: 1
205.5894 	DATA 	Keypress: 0
205.7844 	DATA 	Keypress: 0
206.7840 	DATA 	Mouse: Left button down, pos=(875,235)
206.7857 	EXP 	New trial (rep=1, index=4): {'delay': 0.4, 'freq': 1000, 'condition': 'exp'}
206.7999 	EXP 	text: autoDraw = False
206.7999 	EXP 	textbox: autoDraw = False
206.7999 	EXP 	Fixation: autoDraw = True
207.0025 	DATA 	Mouse:  Left button up, pos=(875,235)
211.8001 	EXP 	Fixation: autoDraw = False
213.7837 	EXP 	polygon: autoDraw = True
214.3357 	DATA 	Keypress: space
214.3671 	EXP 	Fixation: autoDraw = False
214.3671 	EXP 	polygon: autoDraw = False
214.7507 	EXP 	Sound sound_1 started
215.2145 	EXP 	Sound sound_1 reached end of file
215.2339 	EXP 	text: autoDraw = True
215.2339 	EXP 	textbox: autoDraw = True
215.6678 	DATA 	Keypress: 1
215.8004 	DATA 	Keypress: 0
215.9840 	DATA 	Keypress: 0
216.8381 	DATA 	Mouse: Left button down, pos=(875,235)
216.8522 	EXP 	New trial (rep=1, index=5): {'delay': 0.1, 'freq': 1000, 'condition': 'exp'}
216.8673 	EXP 	text: autoDraw = False
216.8673 	EXP 	textbox: autoDraw = False
216.8673 	EXP 	Fixation: autoDraw = True
217.0688 	DATA 	Mouse:  Left button up, pos=(875,235)
221.8667 	EXP 	Fixation: autoDraw = False
223.8501 	EXP 	polygon: autoDraw = True
224.2031 	DATA 	Keypress: space
224.2163 	EXP 	Fixation: autoDraw = False
224.2163 	EXP 	polygon: autoDraw = False
224.2997 	EXP 	Sound sound_1 started
224.7679 	EXP 	Sound sound_1 stopped
224.7839 	EXP 	text: autoDraw = True
224.7839 	EXP 	textbox: autoDraw = True
232.2170 	DATA 	Mouse: Left button down, pos=(875,235)
232.2185 	EXP 	New trial (rep=1, index=6): {'delay': 0.7, 'freq': 1000, 'condition': 'exp'}
232.2331 	EXP 	text: autoDraw = False
232.2331 	EXP 	textbox: autoDraw = False
232.2331 	EXP 	Fixation: autoDraw = True
232.3017 	DATA 	Mouse:  Left button up, pos=(875,235)
237.2335 	EXP 	Fixation: autoDraw = False
239.2161 	EXP 	polygon: autoDraw = True
239.6026 	DATA 	Keypress: space
239.6162 	EXP 	Fixation: autoDraw = False
239.6162 	EXP 	polygon: autoDraw = False
240.2999 	EXP 	Sound sound_1 started
240.7580 	EXP 	Sound sound_1 stopped
240.7678 	EXP 	text: autoDraw = True
240.7678 	EXP 	textbox: autoDraw = True
242.0035 	DATA 	Keypress: 1
242.5205 	DATA 	Keypress: 0
242.7202 	DATA 	Keypress: 0
249.6904 	DATA 	Mouse: Left button down, pos=(885,270)
249.7038 	EXP 	New trial (rep=1, index=7): {'delay': 0.1, 'freq': 1000, 'condition': 'exp'}
249.7188 	EXP 	text: autoDraw = False
249.7188 	EXP 	textbox: autoDraw = False
249.7188 	EXP 	Fixation: autoDraw = True
249.9215 	DATA 	Mouse:  Left button up, pos=(885,270)
254.7185 	EXP 	Fixation: autoDraw = False
256.7019 	EXP 	polygon: autoDraw = True
257.0712 	DATA 	Keypress: space
257.0857 	EXP 	Fixation: autoDraw = False
257.0857 	EXP 	polygon: autoDraw = False
257.1687 	EXP 	Sound sound_1 started
257.6325 	EXP 	Sound sound_1 stopped
257.6498 	EXP 	text: autoDraw = True
257.6498 	EXP 	textbox: autoDraw = True
258.2673 	DATA 	Keypress: 1
258.5835 	DATA 	Keypress: 0
258.7504 	DATA 	Keypress: 0
260.0332 	DATA 	Mouse: Left button down, pos=(918,249)
260.0349 	EXP 	New trial (rep=1, index=8): {'delay': 0.4, 'freq': 1000, 'condition': 'exp'}
260.0494 	EXP 	text: autoDraw = False
260.0494 	EXP 	textbox: autoDraw = False
260.0494 	EXP 	Fixation: autoDraw = True
260.2511 	DATA 	Mouse:  Left button up, pos=(918,249)
265.0497 	EXP 	Fixation: autoDraw = False
267.0331 	EXP 	polygon: autoDraw = True
267.3183 	DATA 	Keypress: space
267.3330 	EXP 	Fixation: autoDraw = False
267.3330 	EXP 	polygon: autoDraw = False
267.7164 	EXP 	Sound sound_1 started
268.1758 	EXP 	Sound sound_1 reached end of file
268.2007 	EXP 	text: autoDraw = True
268.2007 	EXP 	textbox: autoDraw = True
268.6001 	DATA 	Keypress: 1
268.7168 	DATA 	Keypress: 0
268.8873 	DATA 	Keypress: 0
270.3501 	DATA 	Mouse: Left button down, pos=(965,227)
270.3517 	EXP 	New trial (rep=1, index=9): {'delay': 0.1, 'freq': 1000, 'condition': 'exp'}
270.3660 	EXP 	text: autoDraw = False
270.3660 	EXP 	textbox: autoDraw = False
270.3660 	EXP 	Fixation: autoDraw = True
270.5670 	DATA 	Mouse:  Left button up, pos=(965,227)
275.3657 	EXP 	Fixation: autoDraw = False
277.3490 	EXP 	polygon: autoDraw = True
277.7192 	DATA 	Keypress: space
277.7322 	EXP 	Fixation: autoDraw = False
277.7322 	EXP 	polygon: autoDraw = False
277.8159 	EXP 	Sound sound_1 started
278.2762 	EXP 	Sound sound_1 stopped
278.3005 	EXP 	text: autoDraw = True
278.3005 	EXP 	textbox: autoDraw = True
278.6326 	DATA 	Keypress: 1
278.7379 	DATA 	Keypress: 0
278.8992 	DATA 	Keypress: 0
279.7498 	DATA 	Mouse: Left button down, pos=(931,234)
279.7515 	EXP 	New trial (rep=1, index=10): {'delay': 0.4, 'freq': 400, 'condition': 'unexp'}
279.7660 	EXP 	text: autoDraw = False
279.7660 	EXP 	textbox: autoDraw = False
279.7660 	EXP 	Fixation: autoDraw = True
279.9675 	DATA 	Mouse:  Left button up, pos=(931,234)
284.7660 	EXP 	Fixation: autoDraw = False
286.7496 	EXP 	polygon: autoDraw = True
287.0683 	DATA 	Keypress: space
287.0824 	EXP 	Fixation: autoDraw = False
287.0824 	EXP 	polygon: autoDraw = False
287.4666 	EXP 	Sound sound_1 started
287.9366 	EXP 	Sound sound_1 reached end of file
287.9494 	EXP 	text: autoDraw = True
287.9494 	EXP 	textbox: autoDraw = True
289.3490 	DATA 	Keypress: 1
289.4493 	DATA 	Keypress: 0
289.6213 	DATA 	Keypress: 0
290.6661 	DATA 	Mouse: Left button down, pos=(1013,227)
290.6677 	EXP 	New trial (rep=1, index=11): {'delay': 0.7, 'freq': 1000, 'condition': 'exp'}
290.6823 	EXP 	text: autoDraw = False
290.6823 	EXP 	textbox: autoDraw = False
290.6823 	EXP 	Fixation: autoDraw = True
290.8844 	DATA 	Mouse:  Left button up, pos=(1013,227)
295.6823 	EXP 	Fixation: autoDraw = False
297.6660 	EXP 	polygon: autoDraw = True
298.3182 	DATA 	Keypress: space
298.3322 	EXP 	Fixation: autoDraw = False
298.3322 	EXP 	polygon: autoDraw = False
299.0162 	EXP 	Sound sound_1 started
299.4801 	EXP 	Sound sound_1 reached end of file
299.4991 	EXP 	text: autoDraw = True
299.4991 	EXP 	textbox: autoDraw = True
300.0160 	DATA 	Keypress: 1
300.1216 	DATA 	Keypress: 0
300.3165 	DATA 	Keypress: 0
302.0678 	DATA 	Mouse: Left button down, pos=(951,225)
302.0692 	EXP 	New trial (rep=2, index=0): {'delay': 0.4, 'freq': 1000, 'condition': 'exp'}
302.0839 	EXP 	text: autoDraw = False
302.0839 	EXP 	textbox: autoDraw = False
302.0839 	EXP 	Fixation: autoDraw = True
302.2865 	DATA 	Mouse:  Left button up, pos=(951,225)
307.0839 	EXP 	Fixation: autoDraw = False
309.0672 	EXP 	polygon: autoDraw = True
309.4201 	DATA 	Keypress: space
309.4338 	EXP 	Fixation: autoDraw = False
309.4338 	EXP 	polygon: autoDraw = False
309.8172 	EXP 	Sound sound_1 started
310.2960 	EXP 	Sound sound_1 reached end of file
310.3159 	EXP 	text: autoDraw = True
310.3159 	EXP 	textbox: autoDraw = True
310.7329 	DATA 	Keypress: 1
310.8662 	DATA 	Keypress: 0
311.3210 	DATA 	Keypress: 0
312.2487 	DATA 	Mouse: Left button down, pos=(951,225)
312.2501 	EXP 	New trial (rep=2, index=1): {'delay': 0.7, 'freq': 1000, 'condition': 'exp'}
312.2653 	EXP 	text: autoDraw = False
312.2653 	EXP 	textbox: autoDraw = False
312.2653 	EXP 	Fixation: autoDraw = True
312.4834 	DATA 	Mouse:  Left button up, pos=(951,225)
317.2654 	EXP 	Fixation: autoDraw = False
319.2485 	EXP 	polygon: autoDraw = True
319.6530 	DATA 	Keypress: space
319.6655 	EXP 	Fixation: autoDraw = False
319.6655 	EXP 	polygon: autoDraw = False
320.3490 	EXP 	Sound sound_1 started
320.8120 	EXP 	Sound sound_1 stopped
320.8342 	EXP 	text: autoDraw = True
320.8342 	EXP 	textbox: autoDraw = True
321.2820 	DATA 	Keypress: 1
321.3655 	DATA 	Keypress: 0
321.5666 	DATA 	Keypress: 0
322.5541 	DATA 	Mouse: Left button down, pos=(951,225)
322.5672 	EXP 	New trial (rep=2, index=2): {'delay': 0.7, 'freq': 1000, 'condition': 'exp'}
322.5820 	EXP 	text: autoDraw = False
322.5820 	EXP 	textbox: autoDraw = False
322.5820 	EXP 	Fixation: autoDraw = True
322.7672 	DATA 	Mouse:  Left button up, pos=(951,225)
327.5822 	EXP 	Fixation: autoDraw = False
329.5650 	EXP 	polygon: autoDraw = True
329.9009 	DATA 	Keypress: space
329.9152 	EXP 	Fixation: autoDraw = False
329.9152 	EXP 	polygon: autoDraw = False
330.5985 	EXP 	Sound sound_1 started
331.0703 	EXP 	Sound sound_1 reached end of file
331.0816 	EXP 	text: autoDraw = True
331.0816 	EXP 	textbox: autoDraw = True
331.3322 	DATA 	Keypress: 1
331.4654 	DATA 	Keypress: 0
331.9028 	DATA 	Keypress: 0
332.8491 	DATA 	Mouse: Left button down, pos=(951,225)
332.8506 	EXP 	New trial (rep=2, index=3): {'delay': 0.4, 'freq': 400, 'condition': 'unexp'}
332.8650 	EXP 	text: autoDraw = False
332.8650 	EXP 	textbox: autoDraw = False
332.8650 	EXP 	Fixation: autoDraw = True
333.0664 	DATA 	Mouse:  Left button up, pos=(951,225)
337.8649 	EXP 	Fixation: autoDraw = False
339.8486 	EXP 	polygon: autoDraw = True
340.1017 	DATA 	Keypress: space
340.1150 	EXP 	Fixation: autoDraw = False
340.1150 	EXP 	polygon: autoDraw = False
340.4993 	EXP 	Sound sound_1 started
340.9625 	EXP 	Sound sound_1 stopped
340.9834 	EXP 	text: autoDraw = True
340.9834 	EXP 	textbox: autoDraw = True
341.3884 	DATA 	Keypress: 1
341.5151 	DATA 	Keypress: 0
342.0374 	DATA 	Keypress: 0
343.1368 	DATA 	Mouse: Left button down, pos=(951,225)
343.1500 	EXP 	New trial (rep=2, index=4): {'delay': 0.4, 'freq': 1000, 'condition': 'exp'}
343.1650 	EXP 	text: autoDraw = False
343.1650 	EXP 	textbox: autoDraw = False
343.1650 	EXP 	Fixation: autoDraw = True
343.3670 	DATA 	Mouse:  Left button up, pos=(951,225)
348.1654 	EXP 	Fixation: autoDraw = False
350.1481 	EXP 	polygon: autoDraw = True
350.6012 	DATA 	Keypress: space
350.6148 	EXP 	Fixation: autoDraw = False
350.6148 	EXP 	polygon: autoDraw = False
350.9982 	EXP 	Sound sound_1 started
351.4664 	EXP 	Sound sound_1 stopped
351.4815 	EXP 	text: autoDraw = True
351.4815 	EXP 	textbox: autoDraw = True
352.2815 	DATA 	Keypress: 1
352.3648 	DATA 	Keypress: 0
352.5535 	DATA 	Keypress: 0
354.0699 	DATA 	Mouse: Left button down, pos=(951,225)
354.0833 	EXP 	New trial (rep=2, index=5): {'delay': 0.1, 'freq': 1000, 'condition': 'exp'}
354.0979 	EXP 	text: autoDraw = False
354.0979 	EXP 	textbox: autoDraw = False
354.0979 	EXP 	Fixation: autoDraw = True
354.2826 	DATA 	Mouse:  Left button up, pos=(951,225)
359.0984 	EXP 	Fixation: autoDraw = False
361.0816 	EXP 	polygon: autoDraw = True
361.3841 	DATA 	Keypress: space
361.3978 	EXP 	Fixation: autoDraw = False
361.3978 	EXP 	polygon: autoDraw = False
361.4815 	EXP 	Sound sound_1 started
361.9438 	EXP 	Sound sound_1 stopped
361.9657 	EXP 	text: autoDraw = True
361.9657 	EXP 	textbox: autoDraw = True
362.4480 	DATA 	Keypress: 1
362.5480 	DATA 	Keypress: 0
362.7195 	DATA 	Keypress: 0
363.8024 	DATA 	Mouse: Left button down, pos=(951,225)
363.8175 	EXP 	New trial (rep=2, index=6): {'delay': 0.1, 'freq': 1000, 'condition': 'exp'}
363.8320 	EXP 	text: autoDraw = False
363.8320 	EXP 	textbox: autoDraw = False
363.8320 	EXP 	Fixation: autoDraw = True
364.0007 	DATA 	Mouse:  Left button up, pos=(951,225)
368.8315 	EXP 	Fixation: autoDraw = False
370.8148 	EXP 	polygon: autoDraw = True
371.1009 	DATA 	Keypress: space
371.1145 	EXP 	Fixation: autoDraw = False
371.1145 	EXP 	polygon: autoDraw = False
371.1979 	EXP 	Sound sound_1 started
371.6678 	EXP 	Sound sound_1 stopped
371.6815 	EXP 	text: autoDraw = True
371.6815 	EXP 	textbox: autoDraw = True
372.1983 	DATA 	Keypress: 1
372.2827 	DATA 	Keypress: 0
372.4484 	DATA 	Keypress: 0
373.4484 	DATA 	Mouse: Left button down, pos=(951,225)
373.4501 	EXP 	New trial (rep=2, index=7): {'delay': 0.7, 'freq': 1000, 'condition': 'exp'}
373.4650 	EXP 	text: autoDraw = False
373.4650 	EXP 	textbox: autoDraw = False
373.4650 	EXP 	Fixation: autoDraw = True
373.6660 	DATA 	Mouse:  Left button up, pos=(951,225)
378.4648 	EXP 	Fixation: autoDraw = False
380.4479 	EXP 	polygon: autoDraw = True
380.7335 	DATA 	Keypress: space
380.7477 	EXP 	Fixation: autoDraw = False
380.7477 	EXP 	polygon: autoDraw = False
381.4311 	EXP 	Sound sound_1 started
381.9005 	EXP 	Sound sound_1 reached end of file
381.9152 	EXP 	text: autoDraw = True
381.9152 	EXP 	textbox: autoDraw = True
382.2982 	DATA 	Keypress: 1
382.3977 	DATA 	Keypress: 0
382.5647 	DATA 	Keypress: 0
383.5310 	DATA 	Mouse: Left button down, pos=(951,225)
383.5324 	EXP 	New trial (rep=2, index=8): {'delay': 0.1, 'freq': 1000, 'condition': 'exp'}
383.5477 	EXP 	text: autoDraw = False
383.5477 	EXP 	textbox: autoDraw = False
383.5477 	EXP 	Fixation: autoDraw = True
383.7488 	DATA 	Mouse:  Left button up, pos=(951,225)
388.5479 	EXP 	Fixation: autoDraw = False
390.5314 	EXP 	polygon: autoDraw = True
390.8004 	DATA 	Keypress: space
390.8142 	EXP 	Fixation: autoDraw = False
390.8142 	EXP 	polygon: autoDraw = False
390.8977 	EXP 	Sound sound_1 started
391.3639 	EXP 	Sound sound_1 reached end of file
391.3809 	EXP 	text: autoDraw = True
391.3809 	EXP 	textbox: autoDraw = True
391.7356 	DATA 	Keypress: 1
391.8313 	DATA 	Keypress: 0
391.9649 	DATA 	Keypress: 0
392.8814 	DATA 	Mouse: Left button down, pos=(951,225)
392.8829 	EXP 	New trial (rep=2, index=9): {'delay': 0.7, 'freq': 400, 'condition': 'unexp'}
392.8978 	EXP 	text: autoDraw = False
392.8978 	EXP 	textbox: autoDraw = False
392.8978 	EXP 	Fixation: autoDraw = True
393.0996 	DATA 	Mouse:  Left button up, pos=(951,225)
397.8980 	EXP 	Fixation: autoDraw = False
399.8814 	EXP 	polygon: autoDraw = True
400.1509 	DATA 	Keypress: space
400.1639 	EXP 	Fixation: autoDraw = False
400.1639 	EXP 	polygon: autoDraw = False
400.8476 	EXP 	Sound sound_1 started
401.3220 	EXP 	Sound sound_1 reached end of file
401.3330 	EXP 	text: autoDraw = True
401.3330 	EXP 	textbox: autoDraw = True
401.9335 	DATA 	Keypress: 1
402.0329 	DATA 	Keypress: 0
402.1997 	DATA 	Keypress: 0
403.1329 	DATA 	Mouse: Left button down, pos=(951,225)
403.1349 	EXP 	New trial (rep=2, index=10): {'delay': 0.1, 'freq': 400, 'condition': 'unexp'}
403.1491 	EXP 	text: autoDraw = False
403.1491 	EXP 	textbox: autoDraw = False
403.1491 	EXP 	Fixation: autoDraw = True
403.3516 	DATA 	Mouse:  Left button up, pos=(951,225)
408.1493 	EXP 	Fixation: autoDraw = False
410.1329 	EXP 	polygon: autoDraw = True
410.5855 	DATA 	Keypress: space
410.5990 	EXP 	Fixation: autoDraw = False
410.5990 	EXP 	polygon: autoDraw = False
410.6824 	EXP 	Sound sound_1 started
411.1498 	EXP 	Sound sound_1 reached end of file
411.1648 	EXP 	text: autoDraw = True
411.1648 	EXP 	textbox: autoDraw = True
411.6478 	DATA 	Keypress: 1
411.7189 	DATA 	Keypress: 0
411.8977 	DATA 	Keypress: 0
412.8644 	DATA 	Mouse: Left button down, pos=(951,225)
412.8660 	EXP 	New trial (rep=2, index=11): {'delay': 0.4, 'freq': 1000, 'condition': 'exp'}
412.8806 	EXP 	text: autoDraw = False
412.8806 	EXP 	textbox: autoDraw = False
412.8806 	EXP 	Fixation: autoDraw = True
413.0816 	DATA 	Mouse:  Left button up, pos=(951,225)
417.8811 	EXP 	Fixation: autoDraw = False
419.8640 	EXP 	polygon: autoDraw = True
420.2166 	DATA 	Keypress: space
420.2305 	EXP 	Fixation: autoDraw = False
420.2305 	EXP 	polygon: autoDraw = False
420.6140 	EXP 	Sound sound_1 started
421.0823 	EXP 	Sound sound_1 reached end of file
421.0974 	EXP 	text: autoDraw = True
421.0974 	EXP 	textbox: autoDraw = True
421.4471 	DATA 	Keypress: 1
421.5311 	DATA 	Keypress: 0
421.7139 	DATA 	Keypress: 0
422.6850 	DATA 	Mouse: Left button down, pos=(951,225)
422.6990 	EXP 	New trial (rep=3, index=0): {'delay': 0.7, 'freq': 1000, 'condition': 'exp'}
422.7153 	EXP 	text: autoDraw = False
422.7153 	EXP 	textbox: autoDraw = False
422.7153 	EXP 	Fixation: autoDraw = True
422.8984 	DATA 	Mouse:  Left button up, pos=(951,225)
427.7303 	EXP 	Fixation: autoDraw = False
429.6975 	EXP 	polygon: autoDraw = True
430.2502 	DATA 	Keypress: space
430.2637 	EXP 	Fixation: autoDraw = False
430.2637 	EXP 	polygon: autoDraw = False
430.9476 	EXP 	Sound sound_1 started
431.4048 	EXP 	Sound sound_1 reached end of file
431.4152 	EXP 	text: autoDraw = True
431.4152 	EXP 	textbox: autoDraw = True
431.8667 	DATA 	Keypress: 1
431.9499 	DATA 	Keypress: 0
432.1333 	DATA 	Keypress: 0
433.0880 	DATA 	Mouse: Left button down, pos=(951,225)
433.1015 	EXP 	New trial (rep=3, index=1): {'delay': 0.1, 'freq': 1000, 'condition': 'exp'}
433.1168 	EXP 	text: autoDraw = False
433.1168 	EXP 	textbox: autoDraw = False
433.1168 	EXP 	Fixation: autoDraw = True
433.3179 	DATA 	Mouse:  Left button up, pos=(951,225)
438.1166 	EXP 	Fixation: autoDraw = False
440.0999 	EXP 	polygon: autoDraw = True
440.4190 	DATA 	Keypress: space
440.4327 	EXP 	Fixation: autoDraw = False
440.4327 	EXP 	polygon: autoDraw = False
440.5165 	EXP 	Sound sound_1 started
440.9844 	EXP 	Sound sound_1 stopped
440.9973 	EXP 	text: autoDraw = True
440.9973 	EXP 	textbox: autoDraw = True
441.8138 	DATA 	Keypress: 0
442.2307 	DATA 	Keypress: backspace
442.4473 	DATA 	Keypress: 1
442.5516 	DATA 	Keypress: 0
442.7471 	DATA 	Keypress: 0
443.6802 	DATA 	Mouse: Left button down, pos=(951,225)
443.6816 	EXP 	New trial (rep=3, index=2): {'delay': 0.1, 'freq': 1000, 'condition': 'exp'}
443.6969 	EXP 	text: autoDraw = False
443.6969 	EXP 	textbox: autoDraw = False
443.6969 	EXP 	Fixation: autoDraw = True
443.8988 	DATA 	Mouse:  Left button up, pos=(951,225)
448.6974 	EXP 	Fixation: autoDraw = False
450.6800 	EXP 	polygon: autoDraw = True
451.1333 	DATA 	Keypress: space
451.1465 	EXP 	Fixation: autoDraw = False
451.1465 	EXP 	polygon: autoDraw = False
451.2301 	EXP 	Sound sound_1 started
451.6960 	EXP 	Sound sound_1 stopped
451.7138 	EXP 	text: autoDraw = True
451.7138 	EXP 	textbox: autoDraw = True
452.9187 	DATA 	Keypress: 2
453.6176 	DATA 	Keypress: 5
453.7138 	DATA 	Keypress: 0
454.6845 	DATA 	Mouse: Left button down, pos=(951,225)
454.6983 	EXP 	New trial (rep=3, index=3): {'delay': 0.4, 'freq': 1000, 'condition': 'exp'}
454.7133 	EXP 	text: autoDraw = False
454.7133 	EXP 	textbox: autoDraw = False
454.7133 	EXP 	Fixation: autoDraw = True
454.9148 	DATA 	Mouse:  Left button up, pos=(951,225)
459.7135 	EXP 	Fixation: autoDraw = False
461.6970 	EXP 	polygon: autoDraw = True
461.9664 	DATA 	Keypress: space
461.9801 	EXP 	Fixation: autoDraw = False
461.9801 	EXP 	polygon: autoDraw = False
462.3634 	EXP 	Sound sound_1 started
462.8386 	EXP 	Sound sound_1 reached end of file
462.8484 	EXP 	text: autoDraw = True
462.8484 	EXP 	textbox: autoDraw = True
463.2994 	DATA 	Keypress: 1
463.3703 	DATA 	Keypress: 0
463.5327 	DATA 	Keypress: 0
464.5495 	DATA 	Mouse: Left button down, pos=(951,225)
464.5510 	EXP 	New trial (rep=3, index=4): {'delay': 0.7, 'freq': 1000, 'condition': 'exp'}
464.5657 	EXP 	text: autoDraw = False
464.5657 	EXP 	textbox: autoDraw = False
464.5657 	EXP 	Fixation: autoDraw = True
464.7857 	DATA 	Mouse:  Left button up, pos=(951,225)
469.5657 	EXP 	Fixation: autoDraw = False
471.5495 	EXP 	polygon: autoDraw = True
472.5853 	DATA 	Keypress: space
472.5987 	EXP 	Fixation: autoDraw = False
472.5987 	EXP 	polygon: autoDraw = False
473.2836 	EXP 	Sound sound_1 started
473.7585 	EXP 	Sound sound_1 reached end of file
473.7811 	EXP 	text: autoDraw = True
473.7811 	EXP 	textbox: autoDraw = True
474.4971 	DATA 	Keypress: 3
474.6012 	DATA 	Keypress: 0
474.7807 	DATA 	Keypress: 0
475.8342 	DATA 	Mouse: Left button down, pos=(951,225)
475.8481 	EXP 	New trial (rep=3, index=5): {'delay': 0.1, 'freq': 400, 'condition': 'unexp'}
475.8628 	EXP 	text: autoDraw = False
475.8628 	EXP 	textbox: autoDraw = False
475.8628 	EXP 	Fixation: autoDraw = True
476.0489 	DATA 	Mouse:  Left button up, pos=(951,225)
480.8629 	EXP 	Fixation: autoDraw = False
482.8465 	EXP 	polygon: autoDraw = True
483.2160 	DATA 	Keypress: space
483.2463 	EXP 	Fixation: autoDraw = False
483.2463 	EXP 	polygon: autoDraw = False
483.3297 	EXP 	Sound sound_1 started
483.7934 	EXP 	Sound sound_1 reached end of file
483.8137 	EXP 	text: autoDraw = True
483.8137 	EXP 	textbox: autoDraw = True
485.1132 	DATA 	Keypress: 1
485.4808 	DATA 	Keypress: 0
485.6678 	DATA 	Keypress: 0
486.5800 	DATA 	Mouse: Left button down, pos=(951,225)
486.5816 	EXP 	New trial (rep=3, index=6): {'delay': 0.7, 'freq': 400, 'condition': 'unexp'}
486.5962 	EXP 	text: autoDraw = False
486.5962 	EXP 	textbox: autoDraw = False
486.5962 	EXP 	Fixation: autoDraw = True
486.7980 	DATA 	Mouse:  Left button up, pos=(951,225)
491.5967 	EXP 	Fixation: autoDraw = False
493.5794 	EXP 	polygon: autoDraw = True
494.0323 	DATA 	Keypress: space
494.0463 	EXP 	Fixation: autoDraw = False
494.0463 	EXP 	polygon: autoDraw = False
494.7304 	EXP 	Sound sound_1 started
495.1938 	EXP 	Sound sound_1 stopped
495.2147 	EXP 	text: autoDraw = True
495.2147 	EXP 	textbox: autoDraw = True
496.5306 	DATA 	Keypress: 1
496.6471 	DATA 	Keypress: 0
496.8300 	DATA 	Keypress: 0
498.2977 	DATA 	Mouse: Left button down, pos=(951,225)
498.2993 	EXP 	New trial (rep=3, index=7): {'delay': 0.1, 'freq': 1000, 'condition': 'exp'}
498.3130 	EXP 	text: autoDraw = False
498.3130 	EXP 	textbox: autoDraw = False
498.3130 	EXP 	Fixation: autoDraw = True
498.5150 	DATA 	Mouse:  Left button up, pos=(951,225)
503.3132 	EXP 	Fixation: autoDraw = False
505.2969 	EXP 	polygon: autoDraw = True
505.8491 	DATA 	Keypress: space
505.8626 	EXP 	Fixation: autoDraw = False
505.8626 	EXP 	polygon: autoDraw = False
505.9464 	EXP 	Sound sound_1 started
506.4140 	EXP 	Sound sound_1 reached end of file
506.4303 	EXP 	text: autoDraw = True
506.4303 	EXP 	textbox: autoDraw = True
506.9460 	DATA 	Keypress: 1
507.0293 	DATA 	Keypress: 0
507.2676 	DATA 	Keypress: 0
508.1961 	DATA 	Mouse: Left button down, pos=(951,225)
508.1978 	EXP 	New trial (rep=3, index=8): {'delay': 0.7, 'freq': 1000, 'condition': 'exp'}
508.2126 	EXP 	text: autoDraw = False
508.2126 	EXP 	textbox: autoDraw = False
508.2126 	EXP 	Fixation: autoDraw = True
508.4147 	DATA 	Mouse:  Left button up, pos=(951,225)
513.2125 	EXP 	Fixation: autoDraw = False
515.1964 	EXP 	polygon: autoDraw = True
515.9488 	DATA 	Keypress: space
515.9625 	EXP 	Fixation: autoDraw = False
515.9625 	EXP 	polygon: autoDraw = False
516.6464 	EXP 	Sound sound_1 started
517.1116 	EXP 	Sound sound_1 stopped
517.1295 	EXP 	text: autoDraw = True
517.1295 	EXP 	textbox: autoDraw = True
518.0793 	DATA 	Keypress: 1
518.1629 	DATA 	Keypress: 0
518.3297 	DATA 	Keypress: 0
521.5795 	DATA 	Mouse: Left button down, pos=(951,225)
521.5809 	EXP 	New trial (rep=3, index=9): {'delay': 0.4, 'freq': 400, 'condition': 'unexp'}
521.5963 	EXP 	text: autoDraw = False
521.5963 	EXP 	textbox: autoDraw = False
521.5963 	EXP 	Fixation: autoDraw = True
521.7977 	DATA 	Mouse:  Left button up, pos=(951,225)
526.5953 	EXP 	Fixation: autoDraw = False
528.5790 	EXP 	polygon: autoDraw = True
529.0663 	DATA 	Keypress: space
529.0789 	EXP 	Fixation: autoDraw = False
529.0789 	EXP 	polygon: autoDraw = False
529.4627 	EXP 	Sound sound_1 started
529.9297 	EXP 	Sound sound_1 stopped
529.9462 	EXP 	text: autoDraw = True
529.9462 	EXP 	textbox: autoDraw = True
534.0461 	DATA 	Keypress: 1
534.1622 	DATA 	Keypress: 0
534.3672 	DATA 	Keypress: 0
534.6967 	DATA 	Keypress: space
535.7011 	DATA 	Mouse: Left button down, pos=(951,225)
535.7149 	EXP 	New trial (rep=3, index=10): {'delay': 0.4, 'freq': 1000, 'condition': 'exp'}
535.7292 	EXP 	text: autoDraw = False
535.7292 	EXP 	textbox: autoDraw = False
535.7292 	EXP 	Fixation: autoDraw = True
535.9311 	DATA 	Mouse:  Left button up, pos=(951,225)
540.7294 	EXP 	Fixation: autoDraw = False
542.7125 	EXP 	polygon: autoDraw = True
543.0648 	DATA 	Keypress: space
543.0791 	EXP 	Fixation: autoDraw = False
543.0791 	EXP 	polygon: autoDraw = False
543.4628 	EXP 	Sound sound_1 started
543.9315 	EXP 	Sound sound_1 reached end of file
543.9455 	EXP 	text: autoDraw = True
543.9455 	EXP 	textbox: autoDraw = True
545.9955 	DATA 	Keypress: 1
546.1168 	DATA 	Keypress: 0
546.3125 	DATA 	Keypress: 0
547.3001 	DATA 	Mouse: Left button down, pos=(951,225)
547.3137 	EXP 	New trial (rep=3, index=11): {'delay': 0.4, 'freq': 1000, 'condition': 'exp'}
547.3284 	EXP 	text: autoDraw = False
547.3284 	EXP 	textbox: autoDraw = False
547.3284 	EXP 	Fixation: autoDraw = True
547.5312 	DATA 	Mouse:  Left button up, pos=(951,225)
552.3287 	EXP 	Fixation: autoDraw = False
552.8293 	DATA 	Keypress: space
554.1292 	DATA 	Keypress: 1
554.2463 	DATA 	Keypress: 0
554.3117 	EXP 	polygon: autoDraw = True
554.7816 	DATA 	Keypress: space
554.7952 	EXP 	Fixation: autoDraw = False
554.7952 	EXP 	polygon: autoDraw = False
555.1789 	EXP 	Sound sound_1 started
555.6441 	EXP 	Sound sound_1 stopped
555.6623 	EXP 	text: autoDraw = True
555.6623 	EXP 	textbox: autoDraw = True
556.2671 	DATA 	Keypress: 1
556.3623 	DATA 	Keypress: 0
556.5456 	DATA 	Keypress: 0
557.5958 	DATA 	Mouse: Left button down, pos=(951,225)
557.5974 	EXP 	New trial (rep=4, index=0): {'delay': 0.4, 'freq': 1000, 'condition': 'exp'}
557.6117 	EXP 	text: autoDraw = False
557.6117 	EXP 	textbox: autoDraw = False
557.6117 	EXP 	Fixation: autoDraw = True
557.8134 	DATA 	Mouse:  Left button up, pos=(951,225)
562.6124 	EXP 	Fixation: autoDraw = False
564.5952 	EXP 	polygon: autoDraw = True
565.7317 	DATA 	Keypress: space
565.7457 	EXP 	Fixation: autoDraw = False
565.7457 	EXP 	polygon: autoDraw = False
566.1290 	EXP 	Sound sound_1 started
566.6041 	EXP 	Sound sound_1 reached end of file
566.6142 	EXP 	text: autoDraw = True
566.6142 	EXP 	textbox: autoDraw = True
567.7319 	DATA 	Keypress: 1
567.8985 	DATA 	Keypress: 0
568.1490 	DATA 	Keypress: 0
569.1022 	DATA 	Mouse: Left button down, pos=(951,225)
569.1158 	EXP 	New trial (rep=4, index=1): {'delay': 0.4, 'freq': 1000, 'condition': 'exp'}
569.1312 	EXP 	text: autoDraw = False
569.1312 	EXP 	textbox: autoDraw = False
569.1312 	EXP 	Fixation: autoDraw = True
569.3336 	DATA 	Mouse:  Left button up, pos=(951,225)
574.1317 	EXP 	Fixation: autoDraw = False
574.8496 	DATA 	Keypress: space
576.1147 	EXP 	polygon: autoDraw = True
576.4507 	DATA 	Keypress: space
576.4641 	EXP 	Fixation: autoDraw = False
576.4641 	EXP 	polygon: autoDraw = False
576.8484 	EXP 	Sound sound_1 started
577.3155 	EXP 	Sound sound_1 reached end of file
577.3285 	EXP 	text: autoDraw = True
577.3285 	EXP 	textbox: autoDraw = True
578.0953 	DATA 	Keypress: 1
578.1283 	DATA 	Keypress: 0
578.3950 	DATA 	Keypress: 0
579.8789 	DATA 	Mouse: Left button down, pos=(951,225)
579.8812 	EXP 	New trial (rep=4, index=2): {'delay': 0.1, 'freq': 1000, 'condition': 'exp'}
579.8949 	EXP 	text: autoDraw = False
579.8949 	EXP 	textbox: autoDraw = False
579.8949 	EXP 	Fixation: autoDraw = True
580.0971 	DATA 	Mouse:  Left button up, pos=(951,225)
584.8952 	EXP 	Fixation: autoDraw = False
586.8783 	EXP 	polygon: autoDraw = True
587.1983 	DATA 	Keypress: space
587.2112 	EXP 	Fixation: autoDraw = False
587.2112 	EXP 	polygon: autoDraw = False
587.2950 	EXP 	Sound sound_1 started
587.7539 	EXP 	Sound sound_1 stopped
587.7799 	EXP 	text: autoDraw = True
587.7799 	EXP 	textbox: autoDraw = True
589.5001 	DATA 	Keypress: 1
589.6447 	DATA 	Keypress: 0
589.8284 	DATA 	Keypress: 0
591.7621 	DATA 	Mouse: Left button down, pos=(951,225)
591.7639 	EXP 	New trial (rep=4, index=3): {'delay': 0.7, 'freq': 1000, 'condition': 'exp'}
591.7781 	EXP 	text: autoDraw = False
591.7781 	EXP 	textbox: autoDraw = False
591.7781 	EXP 	Fixation: autoDraw = True
591.9817 	DATA 	Mouse:  Left button up, pos=(951,225)
596.7779 	EXP 	Fixation: autoDraw = False
598.7616 	EXP 	polygon: autoDraw = True
599.7314 	DATA 	Keypress: space
599.7449 	EXP 	Fixation: autoDraw = False
599.7449 	EXP 	polygon: autoDraw = False
600.4284 	EXP 	Sound sound_1 started
600.8975 	EXP 	Sound sound_1 reached end of file
600.9114 	EXP 	text: autoDraw = True
600.9114 	EXP 	textbox: autoDraw = True
604.2163 	DATA 	Keypress: 1
604.2666 	DATA 	Keypress: 0
604.4615 	DATA 	Keypress: 0
605.4619 	DATA 	Mouse: Left button down, pos=(951,225)
605.4634 	EXP 	New trial (rep=4, index=4): {'delay': 0.7, 'freq': 1000, 'condition': 'exp'}
605.4779 	EXP 	text: autoDraw = False
605.4779 	EXP 	textbox: autoDraw = False
605.4779 	EXP 	Fixation: autoDraw = True
605.6964 	DATA 	Mouse:  Left button up, pos=(951,225)
610.4778 	EXP 	Fixation: autoDraw = False
612.4614 	EXP 	polygon: autoDraw = True
613.0803 	DATA 	Keypress: space
613.1111 	EXP 	Fixation: autoDraw = False
613.1111 	EXP 	polygon: autoDraw = False
613.7952 	EXP 	Sound sound_1 started
614.2623 	EXP 	Sound sound_1 reached end of file
614.2781 	EXP 	text: autoDraw = True
614.2781 	EXP 	textbox: autoDraw = True
615.9781 	DATA 	Keypress: 1
616.1279 	DATA 	Keypress: 0
616.2950 	DATA 	Keypress: 0
617.6284 	DATA 	Mouse: Left button down, pos=(934,269)
617.6303 	EXP 	New trial (rep=4, index=5): {'delay': 0.7, 'freq': 400, 'condition': 'unexp'}
617.6444 	EXP 	text: autoDraw = False
617.6444 	EXP 	textbox: autoDraw = False
617.6444 	EXP 	Fixation: autoDraw = True
617.8463 	DATA 	Mouse:  Left button up, pos=(934,269)
622.6442 	EXP 	Fixation: autoDraw = False
624.6273 	EXP 	polygon: autoDraw = True
625.0299 	DATA 	Keypress: space
625.0444 	EXP 	Fixation: autoDraw = False
625.0444 	EXP 	polygon: autoDraw = False
625.7279 	EXP 	Sound sound_1 started
626.1957 	EXP 	Sound sound_1 reached end of file
626.2113 	EXP 	text: autoDraw = True
626.2113 	EXP 	textbox: autoDraw = True
627.6110 	DATA 	Keypress: 1
627.6827 	DATA 	Keypress: 0
627.8279 	DATA 	Keypress: 0
628.7115 	DATA 	Mouse: Left button down, pos=(934,269)
628.7133 	EXP 	New trial (rep=4, index=6): {'delay': 0.7, 'freq': 1000, 'condition': 'exp'}
628.7276 	EXP 	text: autoDraw = False
628.7276 	EXP 	textbox: autoDraw = False
628.7276 	EXP 	Fixation: autoDraw = True
628.9297 	DATA 	Mouse:  Left button up, pos=(934,269)
633.7279 	EXP 	Fixation: autoDraw = False
635.7112 	EXP 	polygon: autoDraw = True
636.4141 	DATA 	Keypress: space
636.4275 	EXP 	Fixation: autoDraw = False
636.4275 	EXP 	polygon: autoDraw = False
637.1109 	EXP 	Sound sound_1 started
637.5697 	EXP 	Sound sound_1 stopped
637.5953 	EXP 	text: autoDraw = True
637.5953 	EXP 	textbox: autoDraw = True
640.7112 	DATA 	Keypress: 5
640.8611 	DATA 	Keypress: 0
641.2609 	DATA 	Keypress: 0
644.6445 	DATA 	Mouse: Left button down, pos=(945,252)
644.6461 	EXP 	New trial (rep=4, index=7): {'delay': 0.1, 'freq': 1000, 'condition': 'exp'}
644.6607 	EXP 	text: autoDraw = False
644.6607 	EXP 	textbox: autoDraw = False
644.6607 	EXP 	Fixation: autoDraw = True
644.8799 	DATA 	Mouse:  Left button up, pos=(945,252)
649.6606 	EXP 	Fixation: autoDraw = False
650.3450 	DATA 	Keypress: space
651.6443 	EXP 	polygon: autoDraw = True
652.0800 	DATA 	Keypress: space
652.0942 	EXP 	Fixation: autoDraw = False
652.0942 	EXP 	polygon: autoDraw = False
652.1773 	EXP 	Sound sound_1 started
652.6499 	EXP 	Sound sound_1 stopped
652.6605 	EXP 	text: autoDraw = True
652.6605 	EXP 	textbox: autoDraw = True
653.5940 	DATA 	Keypress: 5
653.6439 	DATA 	Keypress: 0
653.7987 	DATA 	Keypress: 0
654.6773 	DATA 	Mouse: Left button down, pos=(945,252)
654.6789 	EXP 	New trial (rep=4, index=8): {'delay': 0.4, 'freq': 1000, 'condition': 'exp'}
654.6940 	EXP 	text: autoDraw = False
654.6940 	EXP 	textbox: autoDraw = False
654.6940 	EXP 	Fixation: autoDraw = True
654.9118 	DATA 	Mouse:  Left button up, pos=(945,252)
659.6938 	EXP 	Fixation: autoDraw = False
661.6772 	EXP 	polygon: autoDraw = True
662.2978 	DATA 	Keypress: space
662.3112 	EXP 	Fixation: autoDraw = False
662.3112 	EXP 	polygon: autoDraw = False
662.6939 	EXP 	Sound sound_1 started
663.1683 	EXP 	Sound sound_1 reached end of file
663.1789 	EXP 	text: autoDraw = True
663.1789 	EXP 	textbox: autoDraw = True
663.9636 	DATA 	Keypress: 4
664.0512 	DATA 	Keypress: 0
664.3301 	DATA 	Keypress: 0
665.5133 	DATA 	Mouse: Left button down, pos=(945,252)
665.5149 	EXP 	New trial (rep=4, index=9): {'delay': 0.4, 'freq': 400, 'condition': 'unexp'}
665.5296 	EXP 	text: autoDraw = False
665.5296 	EXP 	textbox: autoDraw = False
665.5296 	EXP 	Fixation: autoDraw = True
665.7321 	DATA 	Mouse:  Left button up, pos=(945,252)
670.5299 	EXP 	Fixation: autoDraw = False
672.5128 	EXP 	polygon: autoDraw = True
672.8843 	DATA 	Keypress: space
672.8965 	EXP 	Fixation: autoDraw = False
672.8965 	EXP 	polygon: autoDraw = False
673.2799 	EXP 	Sound sound_1 started
673.7493 	EXP 	Sound sound_1 reached end of file
673.7601 	EXP 	text: autoDraw = True
673.7601 	EXP 	textbox: autoDraw = True
675.0774 	DATA 	Keypress: 5
675.3772 	DATA 	Keypress: 0
675.5439 	DATA 	Keypress: 0
676.9318 	DATA 	Mouse: Left button down, pos=(945,252)
676.9460 	EXP 	New trial (rep=4, index=10): {'delay': 0.1, 'freq': 400, 'condition': 'unexp'}
676.9606 	EXP 	text: autoDraw = False
676.9606 	EXP 	textbox: autoDraw = False
676.9606 	EXP 	Fixation: autoDraw = True
677.1457 	DATA 	Mouse:  Left button up, pos=(945,252)
681.9602 	EXP 	Fixation: autoDraw = False
683.9438 	EXP 	polygon: autoDraw = True
684.2961 	DATA 	Keypress: space
684.3100 	EXP 	Fixation: autoDraw = False
684.3100 	EXP 	polygon: autoDraw = False
684.3934 	EXP 	Sound sound_1 started
684.8638 	EXP 	Sound sound_1 stopped
684.8775 	EXP 	text: autoDraw = True
684.8775 	EXP 	textbox: autoDraw = True
686.3606 	DATA 	Keypress: 3
686.4437 	DATA 	Keypress: 0
686.6105 	DATA 	Keypress: 0
687.5489 	DATA 	Mouse: Left button down, pos=(945,252)
687.5619 	EXP 	New trial (rep=4, index=11): {'delay': 0.1, 'freq': 1000, 'condition': 'exp'}
687.5768 	EXP 	text: autoDraw = False
687.5768 	EXP 	textbox: autoDraw = False
687.5768 	EXP 	Fixation: autoDraw = True
687.7785 	DATA 	Mouse:  Left button up, pos=(945,252)
692.5766 	EXP 	Fixation: autoDraw = False
694.5604 	EXP 	polygon: autoDraw = True
695.2790 	DATA 	Keypress: space
695.2934 	EXP 	Fixation: autoDraw = False
695.2934 	EXP 	polygon: autoDraw = False
695.3768 	EXP 	Sound sound_1 started
695.8501 	EXP 	Sound sound_1 reached end of file
695.8605 	EXP 	text: autoDraw = True
695.8605 	EXP 	textbox: autoDraw = True
697.3129 	DATA 	Keypress: 5
697.4465 	DATA 	Keypress: 0
697.6503 	DATA 	Keypress: 0
698.6465 	DATA 	Mouse: Left button down, pos=(945,252)
698.6624 	EXP 	text: autoDraw = False
698.6624 	EXP 	textbox: autoDraw = False
698.7728 	EXP 	window1: mouseVisible = True
