9.5607 	WARNING 	User requested fullscreen with size [1024  768], but screen is actually [1920, 1200]. Using actual size
10.9825 	EXP 	Created window1 = Window(allowGUI=True, allowStencil=False, autoLog=True, backendConf=UNKNOWN, backgroundFit=<method-wrapper '__getattribute__' of attributeSetter object at 0x000002AFC4730DF0>, backgroundImage=<method-wrapper '__getattribute__' of attributeSetter object at 0x000002AFC4730D90>, bitsMode=UNKNOWN, blendMode='avg', bpc=(8, 8, 8), color=array([0, 0, 0]), colorSpace='rgb', depthBits=8, fullscr=<method-wrapper '__getattribute__' of attributeSetter object at 0x000002AFC4730A90>, gamma=None, gammaErrorPolicy='raise', lms=UNKNOWN, monitor=<psychopy.monitors.calibTools.Monitor object at 0x000002AFC5724BB0>, multiSample=False, name='window1', numSamples=2, pos=(0, 0), screen=0, size=array([1920, 1200]), stencilBits=0, stereo=False, units='height', useFBO=True, useRetina=False, viewOri=0.0, viewPos=None, viewScale=None, waitBlanking=True, winType='pyglet')
10.9826 	EXP 	window1: mouseVisible = True
10.9827 	EXP 	window1: backgroundImage = ''
10.9827 	EXP 	window1: backgroundFit = 'none'
10.9828 	EXP 	window1: mouseVisible = False
10.9829 	EXP 	window1: Attempting to measure frame rate of screen (0) ...
10.9829 	EXP 	window1: recordFrameIntervals = False
11.1487 	EXP 	window1: recordFrameIntervals = True
11.3328 	EXP 	Screen (0) actual frame rate measured at 59.49Hz
11.3329 	EXP 	window1: recordFrameIntervals = False
14.0859 	EXP 	Created fixation = ShapeStim(__class__=<class 'psychopy.visual.shape.ShapeStim'>, anchor=('center', 'center'), autoDraw=False, autoLog=True, closeShape=True, color=method-wrapper(...), colorSpace='rgb', contrast=None, depth=0.0, fillColor=array([1, 1, 1]), fillColorSpace='rgb', fillRGB=array([1, 1, 1]), interpolate=True, lineColor=array([1., 1., 1.]), lineColorSpace='rgb', lineRGB=array([1, 1, 1]), lineWidth=1.0, name='fixation', opacity=1.0, ori=0.0, pos=array([0., 0.]), size=array([0.05, 0.05]), units='height', vertices=ndarray(...), win=Window(...), windingRule=None)
14.1392 	EXP 	Created text = TextStim(__class__=<class 'psychopy.visual.text.TextStim'>, alignHoriz=method-wrapper(...), alignText='center', alignVert=method-wrapper(...), anchorHoriz='center', anchorVert='center', antialias=True, autoDraw=False, autoLog=True, bold=False, color=array([1., 1., 1.]), colorSpace='rgb', contrast=1.0, depth=-1.0, flipHoriz=False, flipVert=False, font='Open Sans', fontFiles=[], height=0.05, italic=False, languageStyle='LTR', name='text', opacity=1.0, ori=0.0, pos=array([0., 0.]), rgb=UNKNOWN, text='', units='height', win=Window(...), wrapWidth=1)
14.1456 	EXP 	Imported C:/Users/Samarth Parmar/OneDrive/Documents/PSY310- Lab in Psychology/discounting.xlsx as conditions, 7 conditions, 3 params
14.1481 	EXP 	Created sequence: random, trialTypes=7, nReps=1, seed=None
14.1484 	EXP 	New trial (rep=0, index=0): {'reward_today': 15, 'future_reward': 35, 'delay': 13}
14.3147 	EXP 	text: height = 0.05
14.3147 	EXP 	text: height = 0.05
14.3147 	EXP 	text: height = 0.05
14.3147 	EXP 	text: text = 'GBP 15today or GBP 35 after 13 days'
14.3147 	EXP 	fixation: autoDraw = True
15.1634 	EXP 	text: autoDraw = True
15.3149 	EXP 	fixation: autoDraw = False
16.0943 	EXP 	New trial (rep=0, index=1): {'reward_today': 78, 'future_reward': 80, 'delay': 162}
16.1066 	DATA 	Keypress: l
16.1134 	EXP 	fixation: autoDraw = False
16.1134 	EXP 	text: autoDraw = False
16.1134 	EXP 	text: height = 0.05
16.1134 	EXP 	text: height = 0.05
16.1134 	EXP 	text: height = 0.05
16.1134 	EXP 	text: text = 'GBP 78today or GBP 80 after 162 days'
16.1134 	EXP 	fixation: autoDraw = True
17.0981 	EXP 	text: autoDraw = True
17.1135 	EXP 	fixation: autoDraw = False
17.6309 	EXP 	New trial (rep=0, index=2): {'reward_today': 40, 'future_reward': 55, 'delay': 62}
17.6375 	DATA 	Keypress: t
17.6466 	EXP 	fixation: autoDraw = False
17.6466 	EXP 	text: autoDraw = False
17.6466 	EXP 	text: height = 0.05
17.6466 	EXP 	text: height = 0.05
17.6466 	EXP 	text: height = 0.05
17.6466 	EXP 	text: text = 'GBP 40today or GBP 55 after 62 days'
17.6466 	EXP 	fixation: autoDraw = True
18.6317 	EXP 	text: autoDraw = True
18.6480 	EXP 	fixation: autoDraw = False
19.0498 	EXP 	New trial (rep=0, index=3): {'reward_today': 67, 'future_reward': 75, 'delay': 119}
19.0574 	DATA 	Keypress: l
19.0633 	EXP 	fixation: autoDraw = False
19.0633 	EXP 	text: autoDraw = False
19.0633 	EXP 	text: height = 0.05
19.0633 	EXP 	text: height = 0.05
19.0633 	EXP 	text: height = 0.05
19.0633 	EXP 	text: text = 'GBP 67today or GBP 75 after 119 days'
19.0633 	EXP 	fixation: autoDraw = True
20.0649 	EXP 	fixation: autoDraw = False
20.0649 	EXP 	text: autoDraw = True
20.3822 	EXP 	New trial (rep=0, index=4): {'reward_today': 49, 'future_reward': 60, 'delay': 89}
20.3874 	DATA 	Keypress: l
20.3965 	EXP 	fixation: autoDraw = False
20.3965 	EXP 	text: autoDraw = False
20.3965 	EXP 	text: height = 0.05
20.3965 	EXP 	text: height = 0.05
20.3965 	EXP 	text: height = 0.05
20.3965 	EXP 	text: text = 'GBP 49today or GBP 60 after 89 days'
20.3965 	EXP 	fixation: autoDraw = True
21.3812 	EXP 	text: autoDraw = True
21.3982 	EXP 	fixation: autoDraw = False
21.8330 	EXP 	New trial (rep=0, index=5): {'reward_today': 11, 'future_reward': 30, 'delay': 7}
21.8376 	DATA 	Keypress: t
21.8472 	EXP 	fixation: autoDraw = False
21.8472 	EXP 	text: autoDraw = False
21.8472 	EXP 	text: height = 0.05
21.8472 	EXP 	text: height = 0.05
21.8472 	EXP 	text: height = 0.05
21.8472 	EXP 	text: text = 'GBP 11today or GBP 30 after 7 days'
21.8472 	EXP 	fixation: autoDraw = True
22.8487 	EXP 	fixation: autoDraw = False
22.8487 	EXP 	text: autoDraw = True
23.1821 	EXP 	New trial (rep=0, index=6): {'reward_today': 27, 'future_reward': 50, 'delay': 21}
23.1867 	DATA 	Keypress: l
23.1966 	EXP 	fixation: autoDraw = False
23.1966 	EXP 	text: autoDraw = False
23.1966 	EXP 	text: height = 0.05
23.1966 	EXP 	text: height = 0.05
23.1966 	EXP 	text: height = 0.05
23.1966 	EXP 	text: text = 'GBP 27today or GBP 50 after 21 days'
23.1966 	EXP 	fixation: autoDraw = True
24.1799 	EXP 	text: autoDraw = True
24.1978 	EXP 	fixation: autoDraw = False
24.8498 	DATA 	Keypress: t
24.8643 	EXP 	fixation: autoDraw = False
24.8643 	EXP 	text: autoDraw = False
24.9422 	EXP 	window1: mouseVisible = True
